2018-11-05 14:16:20,724:DEBUG:db connection failed
2018-11-05 14:16:20,737:DEBUG:Starting new HTTPS connection (1): app.rakuten.co.jp
2018-11-05 14:16:20,786:DEBUG:https://app.rakuten.co.jp:443 "GET /services/api/IchibaGenre/Search/20140222?applicationId=1026301013779899297&genreId=0 HTTP/1.1" 200 985
2018-11-05 14:16:20,790:DEBUG:0:genrel_serch request ok
2018-11-05 14:16:20,794:DEBUG:Starting new HTTPS connection (1): app.rakuten.co.jp
2018-11-05 14:16:20,851:DEBUG:https://app.rakuten.co.jp:443 "GET /services/api/IchibaGenre/Search/20140222?applicationId=1026301013779899297&genreId=101240 HTTP/1.1" 200 1185
2018-11-05 14:16:20,856:DEBUG:101240:genrel_serch request ok
2018-11-05 14:16:20,861:DEBUG:Starting new HTTPS connection (1): app.rakuten.co.jp
2018-11-05 14:16:20,909:DEBUG:https://app.rakuten.co.jp:443 "GET /services/api/IchibaGenre/Search/20140222?applicationId=1026301013779899297&genreId=101311 HTTP/1.1" 200 687
2018-11-05 14:16:20,913:DEBUG:101311:genrel_serch request ok
2018-11-05 14:16:21,022:DEBUG:Starting new HTTPS connection (1): app.rakuten.co.jp
2018-11-05 14:16:21,146:DEBUG:https://app.rakuten.co.jp:443 "GET /services/api/IchibaGenre/Search/20140222?applicationId=1026301013779899297&genreId=101354 HTTP/1.1" 200 628
2018-11-05 14:16:21,149:DEBUG:101354:genrel_serch request ok
2018-11-05 14:16:21,257:DEBUG:Starting new HTTPS connection (1): app.rakuten.co.jp
2018-11-05 14:16:21,311:DEBUG:https://app.rakuten.co.jp:443 "GET /services/api/IchibaGenre/Search/20140222?applicationId=1026301013779899297&genreId=505034 HTTP/1.1" 200 608
2018-11-05 14:16:21,320:DEBUG:505034:genrel_serch request ok
2018-11-05 14:16:21,430:DEBUG:Starting new HTTPS connection (1): app.rakuten.co.jp
2018-11-05 14:16:21,482:DEBUG:https://app.rakuten.co.jp:443 "GET /services/api/IchibaGenre/Search/20140222?applicationId=1026301013779899297&genreId=200531 HTTP/1.1" 200 512
2018-11-05 14:16:21,486:DEBUG:200531:genrel_serch request ok
2018-11-05 14:16:21,593:DEBUG:Starting new HTTPS connection (1): app.rakuten.co.jp
2018-11-05 14:16:21,637:DEBUG:https://app.rakuten.co.jp:443 "GET /services/api/IchibaGenre/Search/20140222?applicationId=1026301013779899297&genreId=101327 HTTP/1.1" 200 577
2018-11-05 14:16:21,640:DEBUG:101327:genrel_serch request ok
2018-11-05 14:16:21,751:DEBUG:Starting new HTTPS connection (1): app.rakuten.co.jp
2018-11-05 14:16:21,794:DEBUG:https://app.rakuten.co.jp:443 "GET /services/api/IchibaGenre/Search/20140222?applicationId=1026301013779899297&genreId=205900 HTTP/1.1" 200 433
2018-11-05 14:16:21,798:DEBUG:205900:genrel_serch request ok
2018-11-05 14:16:21,904:DEBUG:Starting new HTTPS connection (1): app.rakuten.co.jp
2018-11-05 14:16:21,943:DEBUG:https://app.rakuten.co.jp:443 "GET /services/api/IchibaGenre/Search/20140222?applicationId=1026301013779899297&genreId=200532 HTTP/1.1" 200 484
2018-11-05 14:16:21,948:DEBUG:200532:genrel_serch request ok
2018-11-05 14:16:22,056:DEBUG:Starting new HTTPS connection (1): app.rakuten.co.jp
2018-11-05 14:16:22,106:DEBUG:https://app.rakuten.co.jp:443 "GET /services/api/IchibaGenre/Search/20140222?applicationId=1026301013779899297&genreId=112960 HTTP/1.1" 200 372
2018-11-05 14:16:22,108:DEBUG:112960:genrel_serch request ok
2018-11-05 14:16:22,313:DEBUG:Starting new HTTPS connection (1): app.rakuten.co.jp
2018-11-05 14:16:22,445:DEBUG:https://app.rakuten.co.jp:443 "GET /services/api/IchibaGenre/Search/20140222?applicationId=1026301013779899297&genreId=100804 HTTP/1.1" 200 5494
2018-11-05 14:16:22,449:DEBUG:100804:genrel_serch request ok
2018-11-05 14:16:22,453:DEBUG:Starting new HTTPS connection (1): app.rakuten.co.jp
2018-11-05 14:16:22,632:DEBUG:https://app.rakuten.co.jp:443 "GET /services/api/IchibaGenre/Search/20140222?applicationId=1026301013779899297&genreId=215566 HTTP/1.1" 200 6241
2018-11-05 14:16:22,636:DEBUG:215566:genrel_serch request ok
2018-11-05 14:16:22,744:DEBUG:Starting new HTTPS connection (1): app.rakuten.co.jp
2018-11-05 14:16:22,938:DEBUG:https://app.rakuten.co.jp:443 "GET /services/api/IchibaGenre/Search/20140222?applicationId=1026301013779899297&genreId=100823 HTTP/1.1" 200 6087
2018-11-05 14:16:22,944:DEBUG:100823:genrel_serch request ok
2018-11-05 14:16:23,052:DEBUG:Starting new HTTPS connection (1): app.rakuten.co.jp
2018-11-05 14:16:23,244:DEBUG:https://app.rakuten.co.jp:443 "GET /services/api/IchibaGenre/Search/20140222?applicationId=1026301013779899297&genreId=200166 HTTP/1.1" 200 5765
2018-11-05 14:16:23,249:DEBUG:200166:genrel_serch request ok
2018-11-05 14:16:23,358:DEBUG:Starting new HTTPS connection (1): app.rakuten.co.jp
2018-11-05 14:16:23,552:DEBUG:https://app.rakuten.co.jp:443 "GET /services/api/IchibaGenre/Search/20140222?applicationId=1026301013779899297&genreId=100805 HTTP/1.1" 200 5093
2018-11-05 14:16:23,557:DEBUG:100805:genrel_serch request ok
2018-11-05 14:16:23,667:DEBUG:Starting new HTTPS connection (1): app.rakuten.co.jp
2018-11-05 14:16:23,859:DEBUG:https://app.rakuten.co.jp:443 "GET /services/api/IchibaGenre/Search/20140222?applicationId=1026301013779899297&genreId=111346 HTTP/1.1" 200 5599
2018-11-05 14:16:23,865:DEBUG:111346:genrel_serch request ok
2018-11-05 14:16:23,978:DEBUG:Starting new HTTPS connection (1): app.rakuten.co.jp
2018-11-05 14:16:24,342:DEBUG:https://app.rakuten.co.jp:443 "GET /services/api/IchibaGenre/Search/20140222?applicationId=1026301013779899297&genreId=200167 HTTP/1.1" 200 5499
2018-11-05 14:16:24,347:DEBUG:200167:genrel_serch request ok
2018-11-05 14:16:24,451:DEBUG:Starting new HTTPS connection (1): app.rakuten.co.jp
2018-11-05 14:16:24,678:DEBUG:https://app.rakuten.co.jp:443 "GET /services/api/IchibaGenre/Search/20140222?applicationId=1026301013779899297&genreId=111363 HTTP/1.1" 200 5604
2018-11-05 14:16:24,684:DEBUG:111363:genrel_serch request ok
2018-11-05 14:16:24,792:DEBUG:Starting new HTTPS connection (1): app.rakuten.co.jp
2018-11-05 14:16:24,986:DEBUG:https://app.rakuten.co.jp:443 "GET /services/api/IchibaGenre/Search/20140222?applicationId=1026301013779899297&genreId=205515 HTTP/1.1" 200 5436
2018-11-05 14:16:24,993:DEBUG:205515:genrel_serch request ok
2018-11-05 14:16:25,100:DEBUG:Starting new HTTPS connection (1): app.rakuten.co.jp
2018-11-05 14:16:25,235:DEBUG:https://app.rakuten.co.jp:443 "GET /services/api/IchibaGenre/Search/20140222?applicationId=1026301013779899297&genreId=210102 HTTP/1.1" 200 4835
2018-11-05 14:16:25,238:DEBUG:210102:genrel_serch request ok
2018-11-05 14:16:25,344:DEBUG:Starting new HTTPS connection (1): app.rakuten.co.jp
2018-11-05 14:16:25,479:DEBUG:https://app.rakuten.co.jp:443 "GET /services/api/IchibaGenre/Search/20140222?applicationId=1026301013779899297&genreId=100933 HTTP/1.1" 200 4878
2018-11-05 14:16:25,484:DEBUG:100933:genrel_serch request ok
2018-11-05 14:16:25,594:DEBUG:Starting new HTTPS connection (1): app.rakuten.co.jp
2018-11-05 14:16:25,806:DEBUG:https://app.rakuten.co.jp:443 "GET /services/api/IchibaGenre/Search/20140222?applicationId=1026301013779899297&genreId=203024 HTTP/1.1" 200 6592
2018-11-05 14:16:25,811:DEBUG:203024:genrel_serch request ok
2018-11-05 14:16:25,923:DEBUG:Starting new HTTPS connection (1): app.rakuten.co.jp
2018-11-05 14:16:26,112:DEBUG:https://app.rakuten.co.jp:443 "GET /services/api/IchibaGenre/Search/20140222?applicationId=1026301013779899297&genreId=111355 HTTP/1.1" 200 5584
2018-11-05 14:16:26,119:DEBUG:111355:genrel_serch request ok
2018-11-05 14:16:26,227:DEBUG:Starting new HTTPS connection (1): app.rakuten.co.jp
2018-11-05 14:16:26,376:DEBUG:https://app.rakuten.co.jp:443 "GET /services/api/IchibaGenre/Search/20140222?applicationId=1026301013779899297&genreId=205677 HTTP/1.1" 200 5681
2018-11-05 14:16:26,384:DEBUG:205677:genrel_serch request ok
2018-11-05 14:16:26,498:DEBUG:Starting new HTTPS connection (1): app.rakuten.co.jp
2018-11-05 14:16:26,727:DEBUG:https://app.rakuten.co.jp:443 "GET /services/api/IchibaGenre/Search/20140222?applicationId=1026301013779899297&genreId=566174 HTTP/1.1" 200 4874
2018-11-05 14:16:26,734:DEBUG:566174:genrel_serch request ok
2018-11-05 14:16:26,841:DEBUG:Starting new HTTPS connection (1): app.rakuten.co.jp
2018-11-05 14:16:26,986:DEBUG:https://app.rakuten.co.jp:443 "GET /services/api/IchibaGenre/Search/20140222?applicationId=1026301013779899297&genreId=210143 HTTP/1.1" 200 4814
2018-11-05 14:16:26,990:DEBUG:210143:genrel_serch request ok
2018-11-05 14:16:27,096:DEBUG:Starting new HTTPS connection (1): app.rakuten.co.jp
2018-11-05 14:16:27,341:DEBUG:https://app.rakuten.co.jp:443 "GET /services/api/IchibaGenre/Search/20140222?applicationId=1026301013779899297&genreId=100863 HTTP/1.1" 200 6447
2018-11-05 14:16:27,347:DEBUG:100863:genrel_serch request ok
2018-11-05 14:16:27,456:DEBUG:Starting new HTTPS connection (1): app.rakuten.co.jp
2018-11-05 14:16:27,604:DEBUG:https://app.rakuten.co.jp:443 "GET /services/api/IchibaGenre/Search/20140222?applicationId=1026301013779899297&genreId=215767 HTTP/1.1" 200 4913
2018-11-05 14:16:27,608:DEBUG:215767:genrel_serch request ok
2018-11-05 14:16:27,714:DEBUG:Starting new HTTPS connection (1): app.rakuten.co.jp
2018-11-05 14:16:27,955:DEBUG:https://app.rakuten.co.jp:443 "GET /services/api/IchibaGenre/Search/20140222?applicationId=1026301013779899297&genreId=100857 HTTP/1.1" 200 6504
2018-11-05 14:16:27,961:DEBUG:100857:genrel_serch request ok
2018-11-05 14:16:28,069:DEBUG:Starting new HTTPS connection (1): app.rakuten.co.jp
2018-11-05 14:16:28,263:DEBUG:https://app.rakuten.co.jp:443 "GET /services/api/IchibaGenre/Search/20140222?applicationId=1026301013779899297&genreId=500314 HTTP/1.1" 200 5460
2018-11-05 14:16:28,267:DEBUG:500314:genrel_serch request ok
2018-11-05 14:16:28,378:DEBUG:Starting new HTTPS connection (1): app.rakuten.co.jp
2018-11-05 14:16:28,570:DEBUG:https://app.rakuten.co.jp:443 "GET /services/api/IchibaGenre/Search/20140222?applicationId=1026301013779899297&genreId=200119 HTTP/1.1" 200 5187
2018-11-05 14:16:28,574:DEBUG:200119:genrel_serch request ok
2018-11-05 14:16:28,682:DEBUG:Starting new HTTPS connection (1): app.rakuten.co.jp
2018-11-05 14:16:28,878:DEBUG:https://app.rakuten.co.jp:443 "GET /services/api/IchibaGenre/Search/20140222?applicationId=1026301013779899297&genreId=564568 HTTP/1.1" 200 5513
2018-11-05 14:16:28,883:DEBUG:564568:genrel_serch request ok
2018-11-05 14:16:28,995:DEBUG:Starting new HTTPS connection (1): app.rakuten.co.jp
2018-11-05 14:16:29,288:DEBUG:https://app.rakuten.co.jp:443 "GET /services/api/IchibaGenre/Search/20140222?applicationId=1026301013779899297&genreId=566175 HTTP/1.1" 200 4781
2018-11-05 14:16:29,293:DEBUG:566175:genrel_serch request ok
2018-11-05 14:16:29,403:DEBUG:Starting new HTTPS connection (1): app.rakuten.co.jp
2018-11-05 14:16:29,593:DEBUG:https://app.rakuten.co.jp:443 "GET /services/api/IchibaGenre/Search/20140222?applicationId=1026301013779899297&genreId=500346 HTTP/1.1" 200 4887
2018-11-05 14:16:29,598:DEBUG:500346:genrel_serch request ok
2018-11-05 14:16:29,707:DEBUG:Starting new HTTPS connection (1): app.rakuten.co.jp
2018-11-05 14:16:29,856:DEBUG:https://app.rakuten.co.jp:443 "GET /services/api/IchibaGenre/Search/20140222?applicationId=1026301013779899297&genreId=500349 HTTP/1.1" 200 5090
2018-11-05 14:16:29,862:DEBUG:500349:genrel_serch request ok
2018-11-05 14:16:29,974:DEBUG:Starting new HTTPS connection (1): app.rakuten.co.jp
2018-11-05 14:16:30,208:DEBUG:https://app.rakuten.co.jp:443 "GET /services/api/IchibaGenre/Search/20140222?applicationId=1026301013779899297&genreId=101859 HTTP/1.1" 200 4746
2018-11-05 14:16:30,216:DEBUG:101859:genrel_serch request ok
2018-11-05 14:16:30,428:DEBUG:Starting new HTTPS connection (1): app.rakuten.co.jp
2018-11-05 14:16:30,823:DEBUG:https://app.rakuten.co.jp:443 "GET /services/api/IchibaGenre/Search/20140222?applicationId=1026301013779899297&genreId=101164 HTTP/1.1" 200 6416
2018-11-05 14:16:30,829:DEBUG:101164:genrel_serch request ok
2018-11-05 14:16:30,834:DEBUG:Starting new HTTPS connection (1): app.rakuten.co.jp
2018-11-05 14:16:31,129:DEBUG:https://app.rakuten.co.jp:443 "GET /services/api/IchibaGenre/Search/20140222?applicationId=1026301013779899297&genreId=213731 HTTP/1.1" 200 5867
2018-11-05 14:16:31,134:DEBUG:213731:genrel_serch request ok
2018-11-05 14:16:31,241:DEBUG:Starting new HTTPS connection (1): app.rakuten.co.jp
2018-11-05 14:16:31,744:DEBUG:https://app.rakuten.co.jp:443 "GET /services/api/IchibaGenre/Search/20140222?applicationId=1026301013779899297&genreId=213749 HTTP/1.1" 200 13679
2018-11-05 14:16:31,755:DEBUG:213749:genrel_serch request ok
2018-11-05 14:16:31,869:DEBUG:Starting new HTTPS connection (1): app.rakuten.co.jp
2018-11-05 14:16:32,359:DEBUG:https://app.rakuten.co.jp:443 "GET /services/api/IchibaGenre/Search/20140222?applicationId=1026301013779899297&genreId=101165 HTTP/1.1" 200 12215
2018-11-05 14:16:32,370:DEBUG:101165:genrel_serch request ok
2018-11-05 14:16:32,480:DEBUG:Starting new HTTPS connection (1): app.rakuten.co.jp
2018-11-05 14:16:32,771:DEBUG:https://app.rakuten.co.jp:443 "GET /services/api/IchibaGenre/Search/20140222?applicationId=1026301013779899297&genreId=101222 HTTP/1.1" 200 5997
2018-11-05 14:16:32,776:DEBUG:101222:genrel_serch request ok
2018-11-05 14:16:32,883:DEBUG:Starting new HTTPS connection (1): app.rakuten.co.jp
2018-11-05 14:16:33,178:DEBUG:https://app.rakuten.co.jp:443 "GET /services/api/IchibaGenre/Search/20140222?applicationId=1026301013779899297&genreId=112132 HTTP/1.1" 200 5808
2018-11-05 14:16:33,185:DEBUG:112132:genrel_serch request ok
2018-11-05 14:16:33,294:DEBUG:Starting new HTTPS connection (1): app.rakuten.co.jp
2018-11-05 14:16:33,504:DEBUG:https://app.rakuten.co.jp:443 "GET /services/api/IchibaGenre/Search/20140222?applicationId=1026301013779899297&genreId=213684 HTTP/1.1" 200 5778
2018-11-05 14:16:33,508:DEBUG:213684:genrel_serch request ok
2018-11-05 14:16:33,614:DEBUG:Starting new HTTPS connection (1): app.rakuten.co.jp
2018-11-05 14:16:33,870:DEBUG:https://app.rakuten.co.jp:443 "GET /services/api/IchibaGenre/Search/20140222?applicationId=1026301013779899297&genreId=207622 HTTP/1.1" 200 5916
2018-11-05 14:16:33,877:DEBUG:207622:genrel_serch request ok
2018-11-05 14:16:33,990:DEBUG:Starting new HTTPS connection (1): app.rakuten.co.jp
2018-11-05 14:16:34,304:DEBUG:https://app.rakuten.co.jp:443 "GET /services/api/IchibaGenre/Search/20140222?applicationId=1026301013779899297&genreId=213517 HTTP/1.1" 200 6122
2018-11-05 14:16:34,311:DEBUG:213517:genrel_serch request ok
2018-11-05 14:16:34,420:DEBUG:Starting new HTTPS connection (1): app.rakuten.co.jp
2018-11-05 14:16:34,920:DEBUG:https://app.rakuten.co.jp:443 "GET /services/api/IchibaGenre/Search/20140222?applicationId=1026301013779899297&genreId=207609 HTTP/1.1" 200 11058
2018-11-05 14:16:34,929:DEBUG:207609:genrel_serch request ok
2018-11-05 14:16:35,038:DEBUG:Starting new HTTPS connection (1): app.rakuten.co.jp
2018-11-05 14:16:35,323:DEBUG:https://app.rakuten.co.jp:443 "GET /services/api/IchibaGenre/Search/20140222?applicationId=1026301013779899297&genreId=213619 HTTP/1.1" 200 5770
2018-11-05 14:16:35,329:DEBUG:213619:genrel_serch request ok
2018-11-05 14:16:35,441:DEBUG:Starting new HTTPS connection (1): app.rakuten.co.jp
2018-11-05 14:16:36,046:DEBUG:https://app.rakuten.co.jp:443 "GET /services/api/IchibaGenre/Search/20140222?applicationId=1026301013779899297&genreId=213656 HTTP/1.1" 200 10491
2018-11-05 14:16:36,056:DEBUG:213656:genrel_serch request ok
2018-11-05 14:16:36,167:DEBUG:Starting new HTTPS connection (1): app.rakuten.co.jp
2018-11-05 14:16:36,456:DEBUG:https://app.rakuten.co.jp:443 "GET /services/api/IchibaGenre/Search/20140222?applicationId=1026301013779899297&genreId=213647 HTTP/1.1" 200 5778
2018-11-05 14:16:36,463:DEBUG:213647:genrel_serch request ok
2018-11-05 14:16:36,573:DEBUG:Starting new HTTPS connection (1): app.rakuten.co.jp
2018-11-05 14:16:36,799:DEBUG:https://app.rakuten.co.jp:443 "GET /services/api/IchibaGenre/Search/20140222?applicationId=1026301013779899297&genreId=567215 HTTP/1.1" 200 5704
2018-11-05 14:16:36,805:DEBUG:567215:genrel_serch request ok
2018-11-05 14:16:36,914:DEBUG:Starting new HTTPS connection (1): app.rakuten.co.jp
2018-11-05 14:16:37,171:DEBUG:https://app.rakuten.co.jp:443 "GET /services/api/IchibaGenre/Search/20140222?applicationId=1026301013779899297&genreId=566800 HTTP/1.1" 200 5749
2018-11-05 14:16:37,179:DEBUG:566800:genrel_serch request ok
2018-11-05 14:16:37,287:DEBUG:Starting new HTTPS connection (1): app.rakuten.co.jp
2018-11-05 14:16:37,582:DEBUG:https://app.rakuten.co.jp:443 "GET /services/api/IchibaGenre/Search/20140222?applicationId=1026301013779899297&genreId=101168 HTTP/1.1" 200 5979
2018-11-05 14:16:37,588:DEBUG:101168:genrel_serch request ok
2018-11-05 14:16:37,707:DEBUG:Starting new HTTPS connection (1): app.rakuten.co.jp
2018-11-05 14:16:37,991:DEBUG:https://app.rakuten.co.jp:443 "GET /services/api/IchibaGenre/Search/20140222?applicationId=1026301013779899297&genreId=112928 HTTP/1.1" 200 5704
2018-11-05 14:16:37,996:DEBUG:112928:genrel_serch request ok
2018-11-05 14:16:38,208:DEBUG:Starting new HTTPS connection (1): app.rakuten.co.jp
2018-11-05 14:16:38,305:DEBUG:https://app.rakuten.co.jp:443 "GET /services/api/IchibaGenre/Search/20140222?applicationId=1026301013779899297&genreId=566382 HTTP/1.1" 200 2704
2018-11-05 14:16:38,310:DEBUG:566382:genrel_serch request ok
2018-11-05 14:16:38,315:DEBUG:Starting new HTTPS connection (1): app.rakuten.co.jp
2018-11-05 14:16:38,606:DEBUG:https://app.rakuten.co.jp:443 "GET /services/api/IchibaGenre/Search/20140222?applicationId=1026301013779899297&genreId=101205 HTTP/1.1" 200 8367
2018-11-05 14:16:38,614:DEBUG:101205:genrel_serch request ok
2018-11-05 14:16:38,726:DEBUG:Starting new HTTPS connection (1): app.rakuten.co.jp
2018-11-05 14:16:39,016:DEBUG:https://app.rakuten.co.jp:443 "GET /services/api/IchibaGenre/Search/20140222?applicationId=1026301013779899297&genreId=566383 HTTP/1.1" 200 8236
2018-11-05 14:16:39,022:DEBUG:566383:genrel_serch request ok
2018-11-05 14:16:39,130:DEBUG:Starting new HTTPS connection (1): app.rakuten.co.jp
2018-11-05 14:16:39,426:DEBUG:https://app.rakuten.co.jp:443 "GET /services/api/IchibaGenre/Search/20140222?applicationId=1026301013779899297&genreId=101189 HTTP/1.1" 200 8399
2018-11-05 14:16:39,435:DEBUG:101189:genrel_serch request ok
2018-11-05 14:16:39,546:DEBUG:Starting new HTTPS connection (1): app.rakuten.co.jp
2018-11-05 14:16:39,632:DEBUG:https://app.rakuten.co.jp:443 "GET /services/api/IchibaGenre/Search/20140222?applicationId=1026301013779899297&genreId=201652 HTTP/1.1" 200 2103
2018-11-05 14:16:39,636:DEBUG:201652:genrel_serch request ok
2018-11-05 14:16:39,744:DEBUG:Starting new HTTPS connection (1): app.rakuten.co.jp
2018-11-05 14:16:40,039:DEBUG:https://app.rakuten.co.jp:443 "GET /services/api/IchibaGenre/Search/20140222?applicationId=1026301013779899297&genreId=565031 HTTP/1.1" 200 8037
2018-11-05 14:16:40,045:DEBUG:565031:genrel_serch request ok
2018-11-05 14:16:40,155:DEBUG:Starting new HTTPS connection (1): app.rakuten.co.jp
2018-11-05 14:16:40,449:DEBUG:https://app.rakuten.co.jp:443 "GET /services/api/IchibaGenre/Search/20140222?applicationId=1026301013779899297&genreId=101914 HTTP/1.1" 200 7985
2018-11-05 14:16:40,456:DEBUG:101914:genrel_serch request ok
2018-11-05 14:16:40,672:DEBUG:Starting new HTTPS connection (1): app.rakuten.co.jp
2018-11-05 14:16:41,563:DEBUG:https://app.rakuten.co.jp:443 "GET /services/api/IchibaGenre/Search/20140222?applicationId=1026301013779899297&genreId=100533 HTTP/1.1" 200 19422
2018-11-05 14:16:41,579:DEBUG:100533:genrel_serch request ok
2018-11-05 14:16:41,585:DEBUG:Starting new HTTPS connection (1): app.rakuten.co.jp
2018-11-05 14:16:42,600:DEBUG:https://app.rakuten.co.jp:443 "GET /services/api/IchibaGenre/Search/20140222?applicationId=1026301013779899297&genreId=111078 HTTP/1.1" 200 19786
2018-11-05 14:16:42,614:DEBUG:111078:genrel_serch request ok
2018-11-05 14:16:42,728:DEBUG:Starting new HTTPS connection (1): app.rakuten.co.jp
2018-11-05 14:16:43,905:DEBUG:https://app.rakuten.co.jp:443 "GET /services/api/IchibaGenre/Search/20140222?applicationId=1026301013779899297&genreId=111102 HTTP/1.1" 200 19111
2018-11-05 14:16:43,920:DEBUG:111102:genrel_serch request ok
2018-11-05 14:16:44,039:DEBUG:Starting new HTTPS connection (1): app.rakuten.co.jp
2018-11-05 14:16:45,058:DEBUG:https://app.rakuten.co.jp:443 "GET /services/api/IchibaGenre/Search/20140222?applicationId=1026301013779899297&genreId=111116 HTTP/1.1" 200 18885
2018-11-05 14:16:45,072:DEBUG:111116:genrel_serch request ok
2018-11-05 14:16:45,180:DEBUG:Starting new HTTPS connection (1): app.rakuten.co.jp
2018-11-05 14:16:46,184:DEBUG:https://app.rakuten.co.jp:443 "GET /services/api/IchibaGenre/Search/20140222?applicationId=1026301013779899297&genreId=566733 HTTP/1.1" 200 19564
2018-11-05 14:16:46,199:DEBUG:566733:genrel_serch request ok
2018-11-05 14:16:46,308:DEBUG:Starting new HTTPS connection (1): app.rakuten.co.jp
2018-11-05 14:16:47,207:DEBUG:https://app.rakuten.co.jp:443 "GET /services/api/IchibaGenre/Search/20140222?applicationId=1026301013779899297&genreId=508445 HTTP/1.1" 200 18779
2018-11-05 14:16:47,223:DEBUG:508445:genrel_serch request ok
2018-11-05 14:16:47,335:DEBUG:Starting new HTTPS connection (1): app.rakuten.co.jp
2018-11-05 14:16:48,539:DEBUG:https://app.rakuten.co.jp:443 "GET /services/api/IchibaGenre/Search/20140222?applicationId=1026301013779899297&genreId=101828 HTTP/1.1" 200 18663
2018-11-05 14:16:48,553:DEBUG:101828:genrel_serch request ok
2018-11-05 14:16:48,773:DEBUG:Starting new HTTPS connection (1): app.rakuten.co.jp
2018-11-05 14:16:49,461:DEBUG:https://app.rakuten.co.jp:443 "GET /services/api/IchibaGenre/Search/20140222?applicationId=1026301013779899297&genreId=215783 HTTP/1.1" 200 10879
2018-11-05 14:16:49,471:DEBUG:215783:genrel_serch request ok
2018-11-05 14:16:49,476:DEBUG:Starting new HTTPS connection (1): app.rakuten.co.jp
2018-11-05 14:16:50,383:DEBUG:https://app.rakuten.co.jp:443 "GET /services/api/IchibaGenre/Search/20140222?applicationId=1026301013779899297&genreId=100554 HTTP/1.1" 200 10615
2018-11-05 14:16:50,391:DEBUG:100554:genrel_serch request ok
2018-11-05 14:16:50,504:DEBUG:Starting new HTTPS connection (1): app.rakuten.co.jp
2018-11-05 14:16:51,101:DEBUG:https://app.rakuten.co.jp:443 "GET /services/api/IchibaGenre/Search/20140222?applicationId=1026301013779899297&genreId=100901 HTTP/1.1" 200 10923
2018-11-05 14:16:51,111:DEBUG:100901:genrel_serch request ok
2018-11-05 14:16:51,223:DEBUG:Starting new HTTPS connection (1): app.rakuten.co.jp
2018-11-05 14:16:51,816:DEBUG:https://app.rakuten.co.jp:443 "GET /services/api/IchibaGenre/Search/20140222?applicationId=1026301013779899297&genreId=111173 HTTP/1.1" 200 10452
2018-11-05 14:16:51,824:DEBUG:111173:genrel_serch request ok
2018-11-05 14:16:51,932:DEBUG:Starting new HTTPS connection (1): app.rakuten.co.jp
2018-11-05 14:16:52,637:DEBUG:https://app.rakuten.co.jp:443 "GET /services/api/IchibaGenre/Search/20140222?applicationId=1026301013779899297&genreId=100872 HTTP/1.1" 200 10586
2018-11-05 14:16:52,646:DEBUG:100872:genrel_serch request ok
2018-11-05 14:16:52,758:DEBUG:Starting new HTTPS connection (1): app.rakuten.co.jp
2018-11-05 14:16:53,352:DEBUG:https://app.rakuten.co.jp:443 "GET /services/api/IchibaGenre/Search/20140222?applicationId=1026301013779899297&genreId=100664 HTTP/1.1" 200 10983
2018-11-05 14:16:53,361:DEBUG:100664:genrel_serch request ok
2018-11-05 14:16:53,473:DEBUG:Starting new HTTPS connection (1): app.rakuten.co.jp
2018-11-05 14:16:54,069:DEBUG:https://app.rakuten.co.jp:443 "GET /services/api/IchibaGenre/Search/20140222?applicationId=1026301013779899297&genreId=111475 HTTP/1.1" 200 10930
2018-11-05 14:16:54,080:DEBUG:111475:genrel_serch request ok
2018-11-05 14:16:54,193:DEBUG:Starting new HTTPS connection (1): app.rakuten.co.jp
2018-11-05 14:16:54,786:DEBUG:https://app.rakuten.co.jp:443 "GET /services/api/IchibaGenre/Search/20140222?applicationId=1026301013779899297&genreId=100645 HTTP/1.1" 200 10463
2018-11-05 14:16:54,795:DEBUG:100645:genrel_serch request ok
2018-11-05 14:16:54,907:DEBUG:Starting new HTTPS connection (1): app.rakuten.co.jp
2018-11-05 14:16:55,462:DEBUG:https://app.rakuten.co.jp:443 "GET /services/api/IchibaGenre/Search/20140222?applicationId=1026301013779899297&genreId=100656 HTTP/1.1" 200 10590
2018-11-05 14:16:55,471:DEBUG:100656:genrel_serch request ok
2018-11-05 14:16:55,579:DEBUG:Starting new HTTPS connection (1): app.rakuten.co.jp
2018-11-05 14:16:56,118:DEBUG:https://app.rakuten.co.jp:443 "GET /services/api/IchibaGenre/Search/20140222?applicationId=1026301013779899297&genreId=111469 HTTP/1.1" 200 10261
2018-11-05 14:16:56,128:DEBUG:111469:genrel_serch request ok
2018-11-05 14:16:56,239:DEBUG:Starting new HTTPS connection (1): app.rakuten.co.jp
2018-11-05 14:16:56,834:DEBUG:https://app.rakuten.co.jp:443 "GET /services/api/IchibaGenre/Search/20140222?applicationId=1026301013779899297&genreId=100683 HTTP/1.1" 200 10704
2018-11-05 14:16:56,844:DEBUG:100683:genrel_serch request ok
2018-11-05 14:16:56,956:DEBUG:Starting new HTTPS connection (1): app.rakuten.co.jp
2018-11-05 14:16:57,448:DEBUG:https://app.rakuten.co.jp:443 "GET /services/api/IchibaGenre/Search/20140222?applicationId=1026301013779899297&genreId=111519 HTTP/1.1" 200 10578
2018-11-05 14:16:57,457:DEBUG:111519:genrel_serch request ok
2018-11-05 14:16:57,570:DEBUG:Starting new HTTPS connection (1): app.rakuten.co.jp
2018-11-05 14:16:58,165:DEBUG:https://app.rakuten.co.jp:443 "GET /services/api/IchibaGenre/Search/20140222?applicationId=1026301013779899297&genreId=111524 HTTP/1.1" 200 10367
2018-11-05 14:16:58,175:DEBUG:111524:genrel_serch request ok
2018-11-05 14:16:58,286:DEBUG:Starting new HTTPS connection (1): app.rakuten.co.jp
2018-11-05 14:16:58,883:DEBUG:https://app.rakuten.co.jp:443 "GET /services/api/IchibaGenre/Search/20140222?applicationId=1026301013779899297&genreId=100822 HTTP/1.1" 200 10456
2018-11-05 14:16:58,892:DEBUG:100822:genrel_serch request ok
2018-11-05 14:16:59,003:DEBUG:Starting new HTTPS connection (1): app.rakuten.co.jp
2018-11-05 14:16:59,598:DEBUG:https://app.rakuten.co.jp:443 "GET /services/api/IchibaGenre/Search/20140222?applicationId=1026301013779899297&genreId=210191 HTTP/1.1" 200 10208
2018-11-05 14:16:59,609:DEBUG:210191:genrel_serch request ok
2018-11-05 14:16:59,721:DEBUG:Starting new HTTPS connection (1): app.rakuten.co.jp
2018-11-05 14:17:00,418:DEBUG:https://app.rakuten.co.jp:443 "GET /services/api/IchibaGenre/Search/20140222?applicationId=1026301013779899297&genreId=112779 HTTP/1.1" 200 10145
2018-11-05 14:17:00,427:DEBUG:112779:genrel_serch request ok
2018-11-05 14:17:00,639:DEBUG:Starting new HTTPS connection (1): app.rakuten.co.jp
2018-11-05 14:17:02,569:DEBUG:https://app.rakuten.co.jp:443 "GET /services/api/IchibaGenre/Search/20140222?applicationId=1026301013779899297&genreId=216129 HTTP/1.1" 200 22219
2018-11-05 14:17:02,582:DEBUG:216129:genrel_serch request ok
2018-11-05 14:17:02,587:DEBUG:Starting new HTTPS connection (1): app.rakuten.co.jp
2018-11-05 14:17:04,616:DEBUG:https://app.rakuten.co.jp:443 "GET /services/api/IchibaGenre/Search/20140222?applicationId=1026301013779899297&genreId=100486 HTTP/1.1" 200 23087
2018-11-05 14:17:04,630:DEBUG:100486:genrel_serch request ok
2018-11-05 14:17:04,743:DEBUG:Starting new HTTPS connection (1): app.rakuten.co.jp
2018-11-05 14:17:06,870:DEBUG:https://app.rakuten.co.jp:443 "GET /services/api/IchibaGenre/Search/20140222?applicationId=1026301013779899297&genreId=407326 HTTP/1.1" 200 23028
2018-11-05 14:17:06,886:DEBUG:407326:genrel_serch request ok
2018-11-05 14:17:06,999:DEBUG:Starting new HTTPS connection (1): app.rakuten.co.jp
2018-11-05 14:17:09,114:DEBUG:https://app.rakuten.co.jp:443 "GET /services/api/IchibaGenre/Search/20140222?applicationId=1026301013779899297&genreId=301966 HTTP/1.1" 200 22822
2018-11-05 14:17:09,131:DEBUG:301966:genrel_serch request ok
2018-11-05 14:17:09,241:DEBUG:Starting new HTTPS connection (1): app.rakuten.co.jp
2018-11-05 14:17:11,069:DEBUG:https://app.rakuten.co.jp:443 "GET /services/api/IchibaGenre/Search/20140222?applicationId=1026301013779899297&genreId=508586 HTTP/1.1" 200 22850
2018-11-05 14:17:11,084:DEBUG:508586:genrel_serch request ok
2018-11-05 14:17:11,196:DEBUG:Starting new HTTPS connection (1): app.rakuten.co.jp
2018-11-05 14:17:13,063:DEBUG:https://app.rakuten.co.jp:443 "GET /services/api/IchibaGenre/Search/20140222?applicationId=1026301013779899297&genreId=551853 HTTP/1.1" 200 22937
2018-11-05 14:17:13,078:DEBUG:551853:genrel_serch request ok
2018-11-05 14:17:13,192:DEBUG:Starting new HTTPS connection (1): app.rakuten.co.jp
2018-11-05 14:17:15,882:DEBUG:https://app.rakuten.co.jp:443 "GET /services/api/IchibaGenre/Search/20140222?applicationId=1026301013779899297&genreId=407279 HTTP/1.1" 200 22538
2018-11-05 14:17:15,899:DEBUG:407279:genrel_serch request ok
2018-11-05 14:17:16,012:DEBUG:Starting new HTTPS connection (1): app.rakuten.co.jp
2018-11-05 14:17:18,134:DEBUG:https://app.rakuten.co.jp:443 "GET /services/api/IchibaGenre/Search/20140222?applicationId=1026301013779899297&genreId=407455 HTTP/1.1" 200 21549
2018-11-05 14:17:18,153:DEBUG:407455:genrel_serch request ok
2018-11-05 14:17:18,266:DEBUG:Starting new HTTPS connection (1): app.rakuten.co.jp
2018-11-05 14:17:20,082:DEBUG:https://app.rakuten.co.jp:443 "GET /services/api/IchibaGenre/Search/20140222?applicationId=1026301013779899297&genreId=207030 HTTP/1.1" 200 22947
2018-11-05 14:17:20,099:DEBUG:207030:genrel_serch request ok
2018-11-05 14:17:20,212:DEBUG:Starting new HTTPS connection (1): app.rakuten.co.jp
2018-11-05 14:17:22,537:DEBUG:https://app.rakuten.co.jp:443 "GET /services/api/IchibaGenre/Search/20140222?applicationId=1026301013779899297&genreId=559284 HTTP/1.1" 200 22362
2018-11-05 14:17:22,551:DEBUG:559284:genrel_serch request ok
2018-11-05 14:17:22,763:DEBUG:Starting new HTTPS connection (1): app.rakuten.co.jp
2018-11-05 14:17:23,459:DEBUG:https://app.rakuten.co.jp:443 "GET /services/api/IchibaGenre/Search/20140222?applicationId=1026301013779899297&genreId=101070 HTTP/1.1" 200 12183
2018-11-05 14:17:23,472:DEBUG:101070:genrel_serch request ok
2018-11-05 14:17:23,478:DEBUG:Starting new HTTPS connection (1): app.rakuten.co.jp
2018-11-05 14:17:24,346:DEBUG:https://app.rakuten.co.jp:443 "GET /services/api/IchibaGenre/Search/20140222?applicationId=1026301013779899297&genreId=551942 HTTP/1.1" 200 11819
2018-11-05 14:17:24,356:DEBUG:551942:genrel_serch request ok
2018-11-05 14:17:24,476:DEBUG:Starting new HTTPS connection (1): app.rakuten.co.jp
2018-11-05 14:17:25,098:DEBUG:https://app.rakuten.co.jp:443 "GET /services/api/IchibaGenre/Search/20140222?applicationId=1026301013779899297&genreId=101157 HTTP/1.1" 200 11820
2018-11-05 14:17:25,109:DEBUG:101157:genrel_serch request ok
2018-11-05 14:17:25,222:DEBUG:Starting new HTTPS connection (1): app.rakuten.co.jp
2018-11-05 14:17:25,917:DEBUG:https://app.rakuten.co.jp:443 "GET /services/api/IchibaGenre/Search/20140222?applicationId=1026301013779899297&genreId=567218 HTTP/1.1" 200 11470
2018-11-05 14:17:25,927:DEBUG:567218:genrel_serch request ok
2018-11-05 14:17:26,038:DEBUG:Starting new HTTPS connection (1): app.rakuten.co.jp
2018-11-05 14:17:26,635:DEBUG:https://app.rakuten.co.jp:443 "GET /services/api/IchibaGenre/Search/20140222?applicationId=1026301013779899297&genreId=101975 HTTP/1.1" 200 11701
2018-11-05 14:17:26,644:DEBUG:101975:genrel_serch request ok
2018-11-05 14:17:26,752:DEBUG:Starting new HTTPS connection (1): app.rakuten.co.jp
2018-11-05 14:17:27,453:DEBUG:https://app.rakuten.co.jp:443 "GET /services/api/IchibaGenre/Search/20140222?applicationId=1026301013779899297&genreId=201890 HTTP/1.1" 200 11638
2018-11-05 14:17:27,464:DEBUG:201890:genrel_serch request ok
2018-11-05 14:17:27,572:DEBUG:Starting new HTTPS connection (1): app.rakuten.co.jp
2018-11-05 14:17:28,274:DEBUG:https://app.rakuten.co.jp:443 "GET /services/api/IchibaGenre/Search/20140222?applicationId=1026301013779899297&genreId=111961 HTTP/1.1" 200 11778
2018-11-05 14:17:28,283:DEBUG:111961:genrel_serch request ok
2018-11-05 14:17:28,393:DEBUG:Starting new HTTPS connection (1): app.rakuten.co.jp
2018-11-05 14:17:29,092:DEBUG:https://app.rakuten.co.jp:443 "GET /services/api/IchibaGenre/Search/20140222?applicationId=1026301013779899297&genreId=101100 HTTP/1.1" 200 11636
2018-11-05 14:17:29,103:DEBUG:101100:genrel_serch request ok
2018-11-05 14:17:29,214:DEBUG:Starting new HTTPS connection (1): app.rakuten.co.jp
2018-11-05 14:17:30,014:DEBUG:https://app.rakuten.co.jp:443 "GET /services/api/IchibaGenre/Search/20140222?applicationId=1026301013779899297&genreId=200067 HTTP/1.1" 200 11596
2018-11-05 14:17:30,023:DEBUG:200067:genrel_serch request ok
2018-11-05 14:17:30,135:DEBUG:Starting new HTTPS connection (1): app.rakuten.co.jp
2018-11-05 14:17:31,037:DEBUG:https://app.rakuten.co.jp:443 "GET /services/api/IchibaGenre/Search/20140222?applicationId=1026301013779899297&genreId=200170 HTTP/1.1" 200 11496
2018-11-05 14:17:31,044:DEBUG:200170:genrel_serch request ok
2018-11-05 14:17:31,150:DEBUG:Starting new HTTPS connection (1): app.rakuten.co.jp
2018-11-05 14:17:31,959:DEBUG:https://app.rakuten.co.jp:443 "GET /services/api/IchibaGenre/Search/20140222?applicationId=1026301013779899297&genreId=509057 HTTP/1.1" 200 11484
2018-11-05 14:17:31,969:DEBUG:509057:genrel_serch request ok
2018-11-05 14:17:32,078:DEBUG:Starting new HTTPS connection (1): app.rakuten.co.jp
2018-11-05 14:17:32,778:DEBUG:https://app.rakuten.co.jp:443 "GET /services/api/IchibaGenre/Search/20140222?applicationId=1026301013779899297&genreId=205074 HTTP/1.1" 200 11627
2018-11-05 14:17:32,788:DEBUG:205074:genrel_serch request ok
2018-11-05 14:17:32,902:DEBUG:Starting new HTTPS connection (1): app.rakuten.co.jp
2018-11-05 14:17:33,598:DEBUG:https://app.rakuten.co.jp:443 "GET /services/api/IchibaGenre/Search/20140222?applicationId=1026301013779899297&genreId=407916 HTTP/1.1" 200 11505
2018-11-05 14:17:33,608:DEBUG:407916:genrel_serch request ok
2018-11-05 14:17:33,717:DEBUG:Starting new HTTPS connection (1): app.rakuten.co.jp
2018-11-05 14:17:34,416:DEBUG:https://app.rakuten.co.jp:443 "GET /services/api/IchibaGenre/Search/20140222?applicationId=1026301013779899297&genreId=214673 HTTP/1.1" 200 11532
2018-11-05 14:17:34,424:DEBUG:214673:genrel_serch request ok
2018-11-05 14:17:34,533:DEBUG:Starting new HTTPS connection (1): app.rakuten.co.jp
2018-11-05 14:17:35,441:DEBUG:https://app.rakuten.co.jp:443 "GET /services/api/IchibaGenre/Search/20140222?applicationId=1026301013779899297&genreId=201937 HTTP/1.1" 200 11614
2018-11-05 14:17:35,452:DEBUG:201937:genrel_serch request ok
2018-11-05 14:17:35,565:DEBUG:Starting new HTTPS connection (1): app.rakuten.co.jp
2018-11-05 14:17:36,362:DEBUG:https://app.rakuten.co.jp:443 "GET /services/api/IchibaGenre/Search/20140222?applicationId=1026301013779899297&genreId=101077 HTTP/1.1" 200 11589
2018-11-05 14:17:36,372:DEBUG:101077:genrel_serch request ok
2018-11-05 14:17:36,484:DEBUG:Starting new HTTPS connection (1): app.rakuten.co.jp
2018-11-05 14:17:37,286:DEBUG:https://app.rakuten.co.jp:443 "GET /services/api/IchibaGenre/Search/20140222?applicationId=1026301013779899297&genreId=200168 HTTP/1.1" 200 11974
2018-11-05 14:17:37,298:DEBUG:200168:genrel_serch request ok
2018-11-05 14:17:37,408:DEBUG:Starting new HTTPS connection (1): app.rakuten.co.jp
2018-11-05 14:17:38,104:DEBUG:https://app.rakuten.co.jp:443 "GET /services/api/IchibaGenre/Search/20140222?applicationId=1026301013779899297&genreId=200169 HTTP/1.1" 200 11817
2018-11-05 14:17:38,115:DEBUG:200169:genrel_serch request ok
2018-11-05 14:17:38,231:DEBUG:Starting new HTTPS connection (1): app.rakuten.co.jp
2018-11-05 14:17:39,027:DEBUG:https://app.rakuten.co.jp:443 "GET /services/api/IchibaGenre/Search/20140222?applicationId=1026301013779899297&genreId=100558 HTTP/1.1" 200 11777
2018-11-05 14:17:39,036:DEBUG:100558:genrel_serch request ok
2018-11-05 14:17:39,145:DEBUG:Starting new HTTPS connection (1): app.rakuten.co.jp
2018-11-05 14:17:39,756:DEBUG:https://app.rakuten.co.jp:443 "GET /services/api/IchibaGenre/Search/20140222?applicationId=1026301013779899297&genreId=201959 HTTP/1.1" 200 11545
2018-11-05 14:17:39,767:DEBUG:201959:genrel_serch request ok
2018-11-05 14:17:39,880:DEBUG:Starting new HTTPS connection (1): app.rakuten.co.jp
2018-11-05 14:17:40,766:DEBUG:https://app.rakuten.co.jp:443 "GET /services/api/IchibaGenre/Search/20140222?applicationId=1026301013779899297&genreId=201963 HTTP/1.1" 200 11567
2018-11-05 14:17:40,796:DEBUG:201963:genrel_serch request ok
2018-11-05 14:17:40,908:DEBUG:Starting new HTTPS connection (1): app.rakuten.co.jp
2018-11-05 14:17:41,585:DEBUG:https://app.rakuten.co.jp:443 "GET /services/api/IchibaGenre/Search/20140222?applicationId=1026301013779899297&genreId=214668 HTTP/1.1" 200 11501
2018-11-05 14:17:41,595:DEBUG:214668:genrel_serch request ok
2018-11-05 14:17:41,705:DEBUG:Starting new HTTPS connection (1): app.rakuten.co.jp
2018-11-05 14:17:42,406:DEBUG:https://app.rakuten.co.jp:443 "GET /services/api/IchibaGenre/Search/20140222?applicationId=1026301013779899297&genreId=201955 HTTP/1.1" 200 11589
2018-11-05 14:17:42,415:DEBUG:201955:genrel_serch request ok
2018-11-05 14:17:42,528:DEBUG:Starting new HTTPS connection (1): app.rakuten.co.jp
2018-11-05 14:17:43,326:DEBUG:https://app.rakuten.co.jp:443 "GET /services/api/IchibaGenre/Search/20140222?applicationId=1026301013779899297&genreId=201950 HTTP/1.1" 200 11543
2018-11-05 14:17:43,337:DEBUG:201950:genrel_serch request ok
2018-11-05 14:17:43,448:DEBUG:Starting new HTTPS connection (1): app.rakuten.co.jp
2018-11-05 14:17:44,145:DEBUG:https://app.rakuten.co.jp:443 "GET /services/api/IchibaGenre/Search/20140222?applicationId=1026301013779899297&genreId=502046 HTTP/1.1" 200 11495
2018-11-05 14:17:44,155:DEBUG:502046:genrel_serch request ok
2018-11-05 14:17:44,265:DEBUG:Starting new HTTPS connection (1): app.rakuten.co.jp
2018-11-05 14:17:45,067:DEBUG:https://app.rakuten.co.jp:443 "GET /services/api/IchibaGenre/Search/20140222?applicationId=1026301013779899297&genreId=407942 HTTP/1.1" 200 11448
2018-11-05 14:17:45,079:DEBUG:407942:genrel_serch request ok
2018-11-05 14:17:45,190:DEBUG:Starting new HTTPS connection (1): app.rakuten.co.jp
2018-11-05 14:17:45,989:DEBUG:https://app.rakuten.co.jp:443 "GET /services/api/IchibaGenre/Search/20140222?applicationId=1026301013779899297&genreId=302472 HTTP/1.1" 200 11500
2018-11-05 14:17:45,998:DEBUG:302472:genrel_serch request ok
2018-11-05 14:17:46,113:DEBUG:Starting new HTTPS connection (1): app.rakuten.co.jp
2018-11-05 14:17:46,699:DEBUG:https://app.rakuten.co.jp:443 "GET /services/api/IchibaGenre/Search/20140222?applicationId=1026301013779899297&genreId=402512 HTTP/1.1" 200 11552
2018-11-05 14:17:46,710:DEBUG:402512:genrel_serch request ok
2018-11-05 14:17:46,818:DEBUG:Starting new HTTPS connection (1): app.rakuten.co.jp
2018-11-05 14:17:47,627:DEBUG:https://app.rakuten.co.jp:443 "GET /services/api/IchibaGenre/Search/20140222?applicationId=1026301013779899297&genreId=200061 HTTP/1.1" 200 11550
2018-11-05 14:17:47,639:DEBUG:200061:genrel_serch request ok
2018-11-05 14:17:47,747:DEBUG:Starting new HTTPS connection (1): app.rakuten.co.jp
2018-11-05 14:17:48,651:DEBUG:https://app.rakuten.co.jp:443 "GET /services/api/IchibaGenre/Search/20140222?applicationId=1026301013779899297&genreId=502051 HTTP/1.1" 200 11434
2018-11-05 14:17:48,662:DEBUG:502051:genrel_serch request ok
2018-11-05 14:17:48,772:DEBUG:Starting new HTTPS connection (1): app.rakuten.co.jp
2018-11-05 14:17:49,573:DEBUG:https://app.rakuten.co.jp:443 "GET /services/api/IchibaGenre/Search/20140222?applicationId=1026301013779899297&genreId=565738 HTTP/1.1" 200 11534
2018-11-05 14:17:49,584:DEBUG:565738:genrel_serch request ok
2018-11-05 14:17:49,698:DEBUG:Starting new HTTPS connection (1): app.rakuten.co.jp
2018-11-05 14:17:50,599:DEBUG:https://app.rakuten.co.jp:443 "GET /services/api/IchibaGenre/Search/20140222?applicationId=1026301013779899297&genreId=565739 HTTP/1.1" 200 11505
2018-11-05 14:17:50,609:DEBUG:565739:genrel_serch request ok
2018-11-05 14:17:50,724:DEBUG:Starting new HTTPS connection (1): app.rakuten.co.jp
2018-11-05 14:17:51,340:DEBUG:https://app.rakuten.co.jp:443 "GET /services/api/IchibaGenre/Search/20140222?applicationId=1026301013779899297&genreId=402486 HTTP/1.1" 200 11617
2018-11-05 14:17:51,350:DEBUG:402486:genrel_serch request ok
2018-11-05 14:17:51,461:DEBUG:Starting new HTTPS connection (1): app.rakuten.co.jp
2018-11-05 14:17:52,338:DEBUG:https://app.rakuten.co.jp:443 "GET /services/api/IchibaGenre/Search/20140222?applicationId=1026301013779899297&genreId=101893 HTTP/1.1" 200 11438
2018-11-05 14:17:52,348:DEBUG:101893:genrel_serch request ok
2018-11-05 14:17:52,567:DEBUG:Starting new HTTPS connection (1): app.rakuten.co.jp
2018-11-05 14:17:52,953:DEBUG:https://app.rakuten.co.jp:443 "GET /services/api/IchibaGenre/Search/20140222?applicationId=1026301013779899297&genreId=100938 HTTP/1.1" 200 6942
2018-11-05 14:17:52,960:DEBUG:100938:genrel_serch request ok
2018-11-05 14:17:52,965:DEBUG:Starting new HTTPS connection (1): app.rakuten.co.jp
2018-11-05 14:17:53,259:DEBUG:https://app.rakuten.co.jp:443 "GET /services/api/IchibaGenre/Search/20140222?applicationId=1026301013779899297&genreId=100984 HTTP/1.1" 200 6266
2018-11-05 14:17:53,263:DEBUG:100984:genrel_serch request ok
2018-11-05 14:17:53,375:DEBUG:Starting new HTTPS connection (1): app.rakuten.co.jp
2018-11-05 14:17:53,670:DEBUG:https://app.rakuten.co.jp:443 "GET /services/api/IchibaGenre/Search/20140222?applicationId=1026301013779899297&genreId=563727 HTTP/1.1" 200 6585
2018-11-05 14:17:53,675:DEBUG:563727:genrel_serch request ok
2018-11-05 14:17:53,781:DEBUG:Starting new HTTPS connection (1): app.rakuten.co.jp
2018-11-05 14:17:54,079:DEBUG:https://app.rakuten.co.jp:443 "GET /services/api/IchibaGenre/Search/20140222?applicationId=1026301013779899297&genreId=100987 HTTP/1.1" 200 6360
2018-11-05 14:17:54,083:DEBUG:100987:genrel_serch request ok
2018-11-05 14:17:54,189:DEBUG:Starting new HTTPS connection (1): app.rakuten.co.jp
2018-11-05 14:17:54,489:DEBUG:https://app.rakuten.co.jp:443 "GET /services/api/IchibaGenre/Search/20140222?applicationId=1026301013779899297&genreId=101035 HTTP/1.1" 200 6381
2018-11-05 14:17:54,495:DEBUG:101035:genrel_serch request ok
2018-11-05 14:17:54,605:DEBUG:Starting new HTTPS connection (1): app.rakuten.co.jp
2018-11-05 14:17:54,875:DEBUG:https://app.rakuten.co.jp:443 "GET /services/api/IchibaGenre/Search/20140222?applicationId=1026301013779899297&genreId=563818 HTTP/1.1" 200 6273
2018-11-05 14:17:54,880:DEBUG:563818:genrel_serch request ok
2018-11-05 14:17:54,989:DEBUG:Starting new HTTPS connection (1): app.rakuten.co.jp
2018-11-05 14:17:55,308:DEBUG:https://app.rakuten.co.jp:443 "GET /services/api/IchibaGenre/Search/20140222?applicationId=1026301013779899297&genreId=203260 HTTP/1.1" 200 6285
2018-11-05 14:17:55,314:DEBUG:203260:genrel_serch request ok
2018-11-05 14:17:55,422:DEBUG:Starting new HTTPS connection (1): app.rakuten.co.jp
2018-11-05 14:17:55,921:DEBUG:https://app.rakuten.co.jp:443 "GET /services/api/IchibaGenre/Search/20140222?applicationId=1026301013779899297&genreId=101041 HTTP/1.1" 200 6391
2018-11-05 14:17:55,929:DEBUG:101041:genrel_serch request ok
2018-11-05 14:17:56,042:DEBUG:Starting new HTTPS connection (1): app.rakuten.co.jp
2018-11-05 14:17:56,434:DEBUG:https://app.rakuten.co.jp:443 "GET /services/api/IchibaGenre/Search/20140222?applicationId=1026301013779899297&genreId=204745 HTTP/1.1" 200 6368
2018-11-05 14:17:56,441:DEBUG:204745:genrel_serch request ok
2018-11-05 14:17:56,552:DEBUG:Starting new HTTPS connection (1): app.rakuten.co.jp
2018-11-05 14:17:56,844:DEBUG:https://app.rakuten.co.jp:443 "GET /services/api/IchibaGenre/Search/20140222?applicationId=1026301013779899297&genreId=101876 HTTP/1.1" 200 6179
2018-11-05 14:17:56,850:DEBUG:101876:genrel_serch request ok
2018-11-05 14:17:57,067:DEBUG:Starting new HTTPS connection (1): app.rakuten.co.jp
2018-11-05 14:17:57,357:DEBUG:https://app.rakuten.co.jp:443 "GET /services/api/IchibaGenre/Search/20140222?applicationId=1026301013779899297&genreId=100316 HTTP/1.1" 200 5935
2018-11-05 14:17:57,363:DEBUG:100316:genrel_serch request ok
2018-11-05 14:17:57,367:DEBUG:Starting new HTTPS connection (1): app.rakuten.co.jp
2018-11-05 14:17:57,561:DEBUG:https://app.rakuten.co.jp:443 "GET /services/api/IchibaGenre/Search/20140222?applicationId=1026301013779899297&genreId=201351 HTTP/1.1" 200 6121
2018-11-05 14:17:57,567:DEBUG:201351:genrel_serch request ok
2018-11-05 14:17:57,676:DEBUG:Starting new HTTPS connection (1): app.rakuten.co.jp
2018-11-05 14:17:57,868:DEBUG:https://app.rakuten.co.jp:443 "GET /services/api/IchibaGenre/Search/20140222?applicationId=1026301013779899297&genreId=559934 HTTP/1.1" 200 5179
2018-11-05 14:17:57,874:DEBUG:559934:genrel_serch request ok
2018-11-05 14:17:57,984:DEBUG:Starting new HTTPS connection (1): app.rakuten.co.jp
2018-11-05 14:17:58,177:DEBUG:https://app.rakuten.co.jp:443 "GET /services/api/IchibaGenre/Search/20140222?applicationId=1026301013779899297&genreId=506536 HTTP/1.1" 200 5736
2018-11-05 14:17:58,182:DEBUG:506536:genrel_serch request ok
2018-11-05 14:17:58,288:DEBUG:Starting new HTTPS connection (1): app.rakuten.co.jp
2018-11-05 14:17:58,483:DEBUG:https://app.rakuten.co.jp:443 "GET /services/api/IchibaGenre/Search/20140222?applicationId=1026301013779899297&genreId=559936 HTTP/1.1" 200 5292
2018-11-05 14:17:58,489:DEBUG:559936:genrel_serch request ok
2018-11-05 14:17:58,597:DEBUG:Starting new HTTPS connection (1): app.rakuten.co.jp
2018-11-05 14:17:58,892:DEBUG:https://app.rakuten.co.jp:443 "GET /services/api/IchibaGenre/Search/20140222?applicationId=1026301013779899297&genreId=110692 HTTP/1.1" 200 5723
2018-11-05 14:17:58,900:DEBUG:110692:genrel_serch request ok
2018-11-05 14:17:59,008:DEBUG:Starting new HTTPS connection (1): app.rakuten.co.jp
2018-11-05 14:17:59,199:DEBUG:https://app.rakuten.co.jp:443 "GET /services/api/IchibaGenre/Search/20140222?applicationId=1026301013779899297&genreId=201393 HTTP/1.1" 200 5324
2018-11-05 14:17:59,203:DEBUG:201393:genrel_serch request ok
2018-11-05 14:17:59,312:DEBUG:Starting new HTTPS connection (1): app.rakuten.co.jp
2018-11-05 14:17:59,609:DEBUG:https://app.rakuten.co.jp:443 "GET /services/api/IchibaGenre/Search/20140222?applicationId=1026301013779899297&genreId=100356 HTTP/1.1" 200 5519
2018-11-05 14:17:59,613:DEBUG:100356:genrel_serch request ok
2018-11-05 14:17:59,719:DEBUG:Starting new HTTPS connection (1): app.rakuten.co.jp
2018-11-05 14:17:59,915:DEBUG:https://app.rakuten.co.jp:443 "GET /services/api/IchibaGenre/Search/20140222?applicationId=1026301013779899297&genreId=502134 HTTP/1.1" 200 5314
2018-11-05 14:17:59,919:DEBUG:502134:genrel_serch request ok
2018-11-05 14:18:00,029:DEBUG:Starting new HTTPS connection (1): app.rakuten.co.jp
2018-11-05 14:18:00,325:DEBUG:https://app.rakuten.co.jp:443 "GET /services/api/IchibaGenre/Search/20140222?applicationId=1026301013779899297&genreId=100265 HTTP/1.1" 200 5270
2018-11-05 14:18:00,333:DEBUG:100265:genrel_serch request ok
2018-11-05 14:18:00,442:DEBUG:Starting new HTTPS connection (1): app.rakuten.co.jp
2018-11-05 14:18:00,735:DEBUG:https://app.rakuten.co.jp:443 "GET /services/api/IchibaGenre/Search/20140222?applicationId=1026301013779899297&genreId=408234 HTTP/1.1" 200 5308
2018-11-05 14:18:00,740:DEBUG:408234:genrel_serch request ok
2018-11-05 14:18:00,850:DEBUG:Starting new HTTPS connection (1): app.rakuten.co.jp
2018-11-05 14:18:01,145:DEBUG:https://app.rakuten.co.jp:443 "GET /services/api/IchibaGenre/Search/20140222?applicationId=1026301013779899297&genreId=302992 HTTP/1.1" 200 5270
2018-11-05 14:18:01,150:DEBUG:302992:genrel_serch request ok
2018-11-05 14:18:01,260:DEBUG:Starting new HTTPS connection (1): app.rakuten.co.jp
2018-11-05 14:18:01,554:DEBUG:https://app.rakuten.co.jp:443 "GET /services/api/IchibaGenre/Search/20140222?applicationId=1026301013779899297&genreId=565598 HTTP/1.1" 200 5224
2018-11-05 14:18:01,557:DEBUG:565598:genrel_serch request ok
2018-11-05 14:18:01,666:DEBUG:Starting new HTTPS connection (1): app.rakuten.co.jp
2018-11-05 14:18:01,815:DEBUG:https://app.rakuten.co.jp:443 "GET /services/api/IchibaGenre/Search/20140222?applicationId=1026301013779899297&genreId=201514 HTTP/1.1" 200 5226
2018-11-05 14:18:01,819:DEBUG:201514:genrel_serch request ok
2018-11-05 14:18:01,928:DEBUG:Starting new HTTPS connection (1): app.rakuten.co.jp
2018-11-05 14:18:02,168:DEBUG:https://app.rakuten.co.jp:443 "GET /services/api/IchibaGenre/Search/20140222?applicationId=1026301013779899297&genreId=566805 HTTP/1.1" 200 5181
2018-11-05 14:18:02,175:DEBUG:566805:genrel_serch request ok
2018-11-05 14:18:02,284:DEBUG:Starting new HTTPS connection (1): app.rakuten.co.jp
2018-11-05 14:18:02,578:DEBUG:https://app.rakuten.co.jp:443 "GET /services/api/IchibaGenre/Search/20140222?applicationId=1026301013779899297&genreId=566734 HTTP/1.1" 200 5267
2018-11-05 14:18:02,581:DEBUG:566734:genrel_serch request ok
2018-11-05 14:18:02,685:DEBUG:Starting new HTTPS connection (1): app.rakuten.co.jp
2018-11-05 14:18:02,886:DEBUG:https://app.rakuten.co.jp:443 "GET /services/api/IchibaGenre/Search/20140222?applicationId=1026301013779899297&genreId=565597 HTTP/1.1" 200 5269
2018-11-05 14:18:02,892:DEBUG:565597:genrel_serch request ok
2018-11-05 14:18:03,000:DEBUG:Starting new HTTPS connection (1): app.rakuten.co.jp
2018-11-05 14:18:03,294:DEBUG:https://app.rakuten.co.jp:443 "GET /services/api/IchibaGenre/Search/20140222?applicationId=1026301013779899297&genreId=559939 HTTP/1.1" 200 5271
2018-11-05 14:18:03,298:DEBUG:559939:genrel_serch request ok
2018-11-05 14:18:03,406:DEBUG:Starting new HTTPS connection (1): app.rakuten.co.jp
2018-11-05 14:18:03,602:DEBUG:https://app.rakuten.co.jp:443 "GET /services/api/IchibaGenre/Search/20140222?applicationId=1026301013779899297&genreId=565599 HTTP/1.1" 200 5267
2018-11-05 14:18:03,606:DEBUG:565599:genrel_serch request ok
2018-11-05 14:18:03,714:DEBUG:Starting new HTTPS connection (1): app.rakuten.co.jp
2018-11-05 14:18:04,210:DEBUG:https://app.rakuten.co.jp:443 "GET /services/api/IchibaGenre/Search/20140222?applicationId=1026301013779899297&genreId=101785 HTTP/1.1" 200 5177
2018-11-05 14:18:04,215:DEBUG:101785:genrel_serch request ok
2018-11-05 14:18:04,433:DEBUG:Starting new HTTPS connection (1): app.rakuten.co.jp
2018-11-05 14:18:04,524:DEBUG:https://app.rakuten.co.jp:443 "GET /services/api/IchibaGenre/Search/20140222?applicationId=1026301013779899297&genreId=100026 HTTP/1.1" 200 2814
2018-11-05 14:18:04,529:DEBUG:100026:genrel_serch request ok
2018-11-05 14:18:04,533:DEBUG:Starting new HTTPS connection (1): app.rakuten.co.jp
2018-11-05 14:18:04,610:DEBUG:https://app.rakuten.co.jp:443 "GET /services/api/IchibaGenre/Search/20140222?applicationId=1026301013779899297&genreId=565162 HTTP/1.1" 200 2250
2018-11-05 14:18:04,614:DEBUG:565162:genrel_serch request ok
2018-11-05 14:18:04,722:DEBUG:Starting new HTTPS connection (1): app.rakuten.co.jp
2018-11-05 14:18:04,813:DEBUG:https://app.rakuten.co.jp:443 "GET /services/api/IchibaGenre/Search/20140222?applicationId=1026301013779899297&genreId=560062 HTTP/1.1" 200 2206
2018-11-05 14:18:04,819:DEBUG:560062:genrel_serch request ok
2018-11-05 14:18:04,929:DEBUG:Starting new HTTPS connection (1): app.rakuten.co.jp
2018-11-05 14:18:05,016:DEBUG:https://app.rakuten.co.jp:443 "GET /services/api/IchibaGenre/Search/20140222?applicationId=1026301013779899297&genreId=100087 HTTP/1.1" 200 2286
2018-11-05 14:18:05,019:DEBUG:100087:genrel_serch request ok
2018-11-05 14:18:05,128:DEBUG:Starting new HTTPS connection (1): app.rakuten.co.jp
2018-11-05 14:18:05,212:DEBUG:https://app.rakuten.co.jp:443 "GET /services/api/IchibaGenre/Search/20140222?applicationId=1026301013779899297&genreId=100094 HTTP/1.1" 200 2431
2018-11-05 14:18:05,218:DEBUG:100094:genrel_serch request ok
2018-11-05 14:18:05,324:DEBUG:Starting new HTTPS connection (1): app.rakuten.co.jp
2018-11-05 14:18:05,409:DEBUG:https://app.rakuten.co.jp:443 "GET /services/api/IchibaGenre/Search/20140222?applicationId=1026301013779899297&genreId=100103 HTTP/1.1" 200 2407
2018-11-05 14:18:05,412:DEBUG:100103:genrel_serch request ok
2018-11-05 14:18:05,516:DEBUG:Starting new HTTPS connection (1): app.rakuten.co.jp
2018-11-05 14:18:05,603:DEBUG:https://app.rakuten.co.jp:443 "GET /services/api/IchibaGenre/Search/20140222?applicationId=1026301013779899297&genreId=565163 HTTP/1.1" 200 2190
2018-11-05 14:18:05,608:DEBUG:565163:genrel_serch request ok
2018-11-05 14:18:05,714:DEBUG:Starting new HTTPS connection (1): app.rakuten.co.jp
2018-11-05 14:18:05,799:DEBUG:https://app.rakuten.co.jp:443 "GET /services/api/IchibaGenre/Search/20140222?applicationId=1026301013779899297&genreId=110105 HTTP/1.1" 200 2644
2018-11-05 14:18:05,804:DEBUG:110105:genrel_serch request ok
2018-11-05 14:18:05,911:DEBUG:Starting new HTTPS connection (1): app.rakuten.co.jp
2018-11-05 14:18:06,008:DEBUG:https://app.rakuten.co.jp:443 "GET /services/api/IchibaGenre/Search/20140222?applicationId=1026301013779899297&genreId=110080 HTTP/1.1" 200 2517
2018-11-05 14:18:06,013:DEBUG:110080:genrel_serch request ok
2018-11-05 14:18:06,121:DEBUG:Starting new HTTPS connection (1): app.rakuten.co.jp
2018-11-05 14:18:06,199:DEBUG:https://app.rakuten.co.jp:443 "GET /services/api/IchibaGenre/Search/20140222?applicationId=1026301013779899297&genreId=101451 HTTP/1.1" 200 2126
2018-11-05 14:18:06,202:DEBUG:101451:genrel_serch request ok
2018-11-05 14:18:06,310:DEBUG:Starting new HTTPS connection (1): app.rakuten.co.jp
2018-11-05 14:18:06,400:DEBUG:https://app.rakuten.co.jp:443 "GET /services/api/IchibaGenre/Search/20140222?applicationId=1026301013779899297&genreId=565247 HTTP/1.1" 200 2067
2018-11-05 14:18:06,404:DEBUG:565247:genrel_serch request ok
2018-11-05 14:18:06,512:DEBUG:Starting new HTTPS connection (1): app.rakuten.co.jp
2018-11-05 14:18:06,601:DEBUG:https://app.rakuten.co.jp:443 "GET /services/api/IchibaGenre/Search/20140222?applicationId=1026301013779899297&genreId=303087 HTTP/1.1" 200 2183
2018-11-05 14:18:06,606:DEBUG:303087:genrel_serch request ok
2018-11-05 14:18:06,716:DEBUG:Starting new HTTPS connection (1): app.rakuten.co.jp
2018-11-05 14:18:06,795:DEBUG:https://app.rakuten.co.jp:443 "GET /services/api/IchibaGenre/Search/20140222?applicationId=1026301013779899297&genreId=208582 HTTP/1.1" 200 2213
2018-11-05 14:18:06,798:DEBUG:208582:genrel_serch request ok
2018-11-05 14:18:06,908:DEBUG:Starting new HTTPS connection (1): app.rakuten.co.jp
2018-11-05 14:18:07,004:DEBUG:https://app.rakuten.co.jp:443 "GET /services/api/IchibaGenre/Search/20140222?applicationId=1026301013779899297&genreId=565164 HTTP/1.1" 200 2147
2018-11-05 14:18:07,006:DEBUG:565164:genrel_serch request ok
2018-11-05 14:18:07,116:DEBUG:Starting new HTTPS connection (1): app.rakuten.co.jp
2018-11-05 14:18:07,204:DEBUG:https://app.rakuten.co.jp:443 "GET /services/api/IchibaGenre/Search/20140222?applicationId=1026301013779899297&genreId=567168 HTTP/1.1" 200 2135
2018-11-05 14:18:07,206:DEBUG:567168:genrel_serch request ok
2018-11-05 14:18:07,310:DEBUG:Starting new HTTPS connection (1): app.rakuten.co.jp
2018-11-05 14:18:07,397:DEBUG:https://app.rakuten.co.jp:443 "GET /services/api/IchibaGenre/Search/20140222?applicationId=1026301013779899297&genreId=552375 HTTP/1.1" 200 2178
2018-11-05 14:18:07,399:DEBUG:552375:genrel_serch request ok
2018-11-05 14:18:07,504:DEBUG:Starting new HTTPS connection (1): app.rakuten.co.jp
2018-11-05 14:18:07,582:DEBUG:https://app.rakuten.co.jp:443 "GET /services/api/IchibaGenre/Search/20140222?applicationId=1026301013779899297&genreId=567167 HTTP/1.1" 200 2179
2018-11-05 14:18:07,585:DEBUG:567167:genrel_serch request ok
2018-11-05 14:18:07,696:DEBUG:Starting new HTTPS connection (1): app.rakuten.co.jp
2018-11-05 14:18:07,775:DEBUG:https://app.rakuten.co.jp:443 "GET /services/api/IchibaGenre/Search/20140222?applicationId=1026301013779899297&genreId=211741 HTTP/1.1" 200 2140
2018-11-05 14:18:07,779:DEBUG:211741:genrel_serch request ok
2018-11-05 14:18:07,991:DEBUG:Starting new HTTPS connection (1): app.rakuten.co.jp
2018-11-05 14:18:08,416:DEBUG:https://app.rakuten.co.jp:443 "GET /services/api/IchibaGenre/Search/20140222?applicationId=1026301013779899297&genreId=216131 HTTP/1.1" 200 9771
2018-11-05 14:18:08,426:DEBUG:216131:genrel_serch request ok
2018-11-05 14:18:08,431:DEBUG:Starting new HTTPS connection (1): app.rakuten.co.jp
2018-11-05 14:18:08,826:DEBUG:https://app.rakuten.co.jp:443 "GET /services/api/IchibaGenre/Search/20140222?applicationId=1026301013779899297&genreId=565210 HTTP/1.1" 200 9291
2018-11-05 14:18:08,833:DEBUG:565210:genrel_serch request ok
2018-11-05 14:18:08,941:DEBUG:Starting new HTTPS connection (1): app.rakuten.co.jp
2018-11-05 14:18:09,440:DEBUG:https://app.rakuten.co.jp:443 "GET /services/api/IchibaGenre/Search/20140222?applicationId=1026301013779899297&genreId=565211 HTTP/1.1" 200 9330
2018-11-05 14:18:09,448:DEBUG:565211:genrel_serch request ok
2018-11-05 14:18:09,557:DEBUG:Starting new HTTPS connection (1): app.rakuten.co.jp
2018-11-05 14:18:10,157:DEBUG:https://app.rakuten.co.jp:443 "GET /services/api/IchibaGenre/Search/20140222?applicationId=1026301013779899297&genreId=502427 HTTP/1.1" 200 9320
2018-11-05 14:18:10,165:DEBUG:502427:genrel_serch request ok
2018-11-05 14:18:10,275:DEBUG:Starting new HTTPS connection (1): app.rakuten.co.jp
2018-11-05 14:18:10,771:DEBUG:https://app.rakuten.co.jp:443 "GET /services/api/IchibaGenre/Search/20140222?applicationId=1026301013779899297&genreId=100467 HTTP/1.1" 200 9127
2018-11-05 14:18:10,779:DEBUG:100467:genrel_serch request ok
2018-11-05 14:18:10,896:DEBUG:Starting new HTTPS connection (1): app.rakuten.co.jp
2018-11-05 14:18:11,283:DEBUG:https://app.rakuten.co.jp:443 "GET /services/api/IchibaGenre/Search/20140222?applicationId=1026301013779899297&genreId=207334 HTTP/1.1" 200 9158
2018-11-05 14:18:11,292:DEBUG:207334:genrel_serch request ok
2018-11-05 14:18:11,401:DEBUG:Starting new HTTPS connection (1): app.rakuten.co.jp
2018-11-05 14:18:11,898:DEBUG:https://app.rakuten.co.jp:443 "GET /services/api/IchibaGenre/Search/20140222?applicationId=1026301013779899297&genreId=565212 HTTP/1.1" 200 9073
2018-11-05 14:18:11,907:DEBUG:565212:genrel_serch request ok
2018-11-05 14:18:12,019:DEBUG:Starting new HTTPS connection (1): app.rakuten.co.jp
2018-11-05 14:18:12,513:DEBUG:https://app.rakuten.co.jp:443 "GET /services/api/IchibaGenre/Search/20140222?applicationId=1026301013779899297&genreId=560100 HTTP/1.1" 200 9133
2018-11-05 14:18:12,521:DEBUG:560100:genrel_serch request ok
2018-11-05 14:18:12,633:DEBUG:Starting new HTTPS connection (1): app.rakuten.co.jp
2018-11-05 14:18:13,126:DEBUG:https://app.rakuten.co.jp:443 "GET /services/api/IchibaGenre/Search/20140222?applicationId=1026301013779899297&genreId=502464 HTTP/1.1" 200 9111
2018-11-05 14:18:13,134:DEBUG:502464:genrel_serch request ok
2018-11-05 14:18:13,245:DEBUG:Starting new HTTPS connection (1): app.rakuten.co.jp
2018-11-05 14:18:13,639:DEBUG:https://app.rakuten.co.jp:443 "GET /services/api/IchibaGenre/Search/20140222?applicationId=1026301013779899297&genreId=403769 HTTP/1.1" 200 9113
2018-11-05 14:18:13,646:DEBUG:403769:genrel_serch request ok
2018-11-05 14:18:13,757:DEBUG:Starting new HTTPS connection (1): app.rakuten.co.jp
2018-11-05 14:18:14,188:DEBUG:https://app.rakuten.co.jp:443 "GET /services/api/IchibaGenre/Search/20140222?applicationId=1026301013779899297&genreId=502460 HTTP/1.1" 200 9131
2018-11-05 14:18:14,197:DEBUG:502460:genrel_serch request ok
2018-11-05 14:18:14,304:DEBUG:Starting new HTTPS connection (1): app.rakuten.co.jp
2018-11-05 14:18:14,765:DEBUG:https://app.rakuten.co.jp:443 "GET /services/api/IchibaGenre/Search/20140222?applicationId=1026301013779899297&genreId=403762 HTTP/1.1" 200 9098
2018-11-05 14:18:14,774:DEBUG:403762:genrel_serch request ok
2018-11-05 14:18:14,881:DEBUG:Starting new HTTPS connection (1): app.rakuten.co.jp
2018-11-05 14:18:15,484:DEBUG:https://app.rakuten.co.jp:443 "GET /services/api/IchibaGenre/Search/20140222?applicationId=1026301013779899297&genreId=403776 HTTP/1.1" 200 9179
2018-11-05 14:18:15,492:DEBUG:403776:genrel_serch request ok
2018-11-05 14:18:15,600:DEBUG:Starting new HTTPS connection (1): app.rakuten.co.jp
2018-11-05 14:18:16,096:DEBUG:https://app.rakuten.co.jp:443 "GET /services/api/IchibaGenre/Search/20140222?applicationId=1026301013779899297&genreId=502462 HTTP/1.1" 200 9029
2018-11-05 14:18:16,105:DEBUG:502462:genrel_serch request ok
2018-11-05 14:18:16,212:DEBUG:Starting new HTTPS connection (1): app.rakuten.co.jp
2018-11-05 14:18:16,710:DEBUG:https://app.rakuten.co.jp:443 "GET /services/api/IchibaGenre/Search/20140222?applicationId=1026301013779899297&genreId=502456 HTTP/1.1" 200 9084
2018-11-05 14:18:16,716:DEBUG:502456:genrel_serch request ok
2018-11-05 14:18:16,822:DEBUG:Starting new HTTPS connection (1): app.rakuten.co.jp
2018-11-05 14:18:17,325:DEBUG:https://app.rakuten.co.jp:443 "GET /services/api/IchibaGenre/Search/20140222?applicationId=1026301013779899297&genreId=403829 HTTP/1.1" 200 9053
2018-11-05 14:18:17,334:DEBUG:403829:genrel_serch request ok
2018-11-05 14:18:17,447:DEBUG:Starting new HTTPS connection (1): app.rakuten.co.jp
2018-11-05 14:18:18,041:DEBUG:https://app.rakuten.co.jp:443 "GET /services/api/IchibaGenre/Search/20140222?applicationId=1026301013779899297&genreId=409031 HTTP/1.1" 200 9102
2018-11-05 14:18:18,051:DEBUG:409031:genrel_serch request ok
2018-11-05 14:18:18,162:DEBUG:Starting new HTTPS connection (1): app.rakuten.co.jp
2018-11-05 14:18:18,554:DEBUG:https://app.rakuten.co.jp:443 "GET /services/api/IchibaGenre/Search/20140222?applicationId=1026301013779899297&genreId=564627 HTTP/1.1" 200 9082
2018-11-05 14:18:18,564:DEBUG:564627:genrel_serch request ok
2018-11-05 14:18:18,676:DEBUG:Starting new HTTPS connection (1): app.rakuten.co.jp
2018-11-05 14:18:19,169:DEBUG:https://app.rakuten.co.jp:443 "GET /services/api/IchibaGenre/Search/20140222?applicationId=1026301013779899297&genreId=216132 HTTP/1.1" 200 9024
2018-11-05 14:18:19,177:DEBUG:216132:genrel_serch request ok
2018-11-05 14:18:19,393:DEBUG:Starting new HTTPS connection (1): app.rakuten.co.jp
2018-11-05 14:18:20,499:DEBUG:https://app.rakuten.co.jp:443 "GET /services/api/IchibaGenre/Search/20140222?applicationId=1026301013779899297&genreId=100371 HTTP/1.1" 200 15915
2018-11-05 14:18:20,514:DEBUG:100371:genrel_serch request ok
2018-11-05 14:18:20,522:DEBUG:Starting new HTTPS connection (1): app.rakuten.co.jp
2018-11-05 14:18:21,421:DEBUG:https://app.rakuten.co.jp:443 "GET /services/api/IchibaGenre/Search/20140222?applicationId=1026301013779899297&genreId=555086 HTTP/1.1" 200 15891
2018-11-05 14:18:21,435:DEBUG:555086:genrel_serch request ok
2018-11-05 14:18:21,548:DEBUG:Starting new HTTPS connection (1): app.rakuten.co.jp
2018-11-05 14:18:22,445:DEBUG:https://app.rakuten.co.jp:443 "GET /services/api/IchibaGenre/Search/20140222?applicationId=1026301013779899297&genreId=555089 HTTP/1.1" 200 15531
2018-11-05 14:18:22,459:DEBUG:555089:genrel_serch request ok
2018-11-05 14:18:22,570:DEBUG:Starting new HTTPS connection (1): app.rakuten.co.jp
2018-11-05 14:18:23,572:DEBUG:https://app.rakuten.co.jp:443 "GET /services/api/IchibaGenre/Search/20140222?applicationId=1026301013779899297&genreId=555087 HTTP/1.1" 200 15911
2018-11-05 14:18:23,586:DEBUG:555087:genrel_serch request ok
2018-11-05 14:18:23,699:DEBUG:Starting new HTTPS connection (1): app.rakuten.co.jp
2018-11-05 14:18:24,802:DEBUG:https://app.rakuten.co.jp:443 "GET /services/api/IchibaGenre/Search/20140222?applicationId=1026301013779899297&genreId=110729 HTTP/1.1" 200 15637
2018-11-05 14:18:24,813:DEBUG:110729:genrel_serch request ok
2018-11-05 14:18:24,925:DEBUG:Starting new HTTPS connection (1): app.rakuten.co.jp
2018-11-05 14:18:25,571:WARNING:553029genrel_serch request error
2018-11-05 14:19:39,497:DEBUG:db connection failed
2018-11-05 14:19:39,497:DEBUG:INSERT INTO smartshopping.genre1 (genre_id,genre_name) VALUES (564500,'')SQL failed
2018-11-05 14:19:39,497:DEBUG:show databases;SQL failed
2018-11-05 14:19:39,498:DEBUG:db connection failed
2018-11-05 14:19:39,499:DEBUG:INSERT INTO smartshopping.genre1 (genre_id,genre_name) VALUES (564500,'');SQL failed
2018-11-05 14:20:53,997:DEBUG:db connection ok
2018-11-05 14:20:53,998:DEBUG:INSERT INTO smartshopping.genre1 (genre_id,genre_name) VALUES (564500,'')SQL failed
2018-11-05 14:20:53,998:DEBUG:SQL ok
2018-11-05 14:20:53,999:DEBUG:show databases;SQL failed
2018-11-05 14:20:54,001:DEBUG:db connection ok
2018-11-05 14:20:54,002:DEBUG:INSERT INTO smartshopping.genre1 (genre_id,genre_name) VALUES (564500,'');SQL failed
2018-11-05 14:21:32,234:DEBUG:db connection ok
2018-11-05 14:21:32,234:DEBUG:INSERT INTO smartshopping.genre1 (genre_id,genre_name) VALUES (564500,'')SQL failed
2018-11-05 14:21:32,235:DEBUG:SQL ok
2018-11-05 14:21:32,235:DEBUG:show databases;SQL failed
2018-11-05 14:21:32,237:DEBUG:db connection ok
2018-11-05 14:21:32,238:DEBUG:INSERT INTO smartshopping.genre1 (genre_id,genre_name) VALUES (564500,'');SQL failed
2018-11-05 14:24:24,677:DEBUG:db connection ok
2018-11-05 14:24:24,678:DEBUG:SQL ok
2018-11-05 14:24:24,727:DEBUG:SQLcommit ok
2018-11-05 14:24:24,728:DEBUG:SQL ok
2018-11-05 14:24:24,729:DEBUG:show databases;SQL failed
2018-11-05 14:24:24,733:DEBUG:db connection ok
2018-11-05 14:24:24,733:DEBUG:INSERT INTO test.genre1 (genre_id,genre_name) VALUES (564500,'');SQL failed
2018-11-05 14:26:24,857:DEBUG:db connection ok
2018-11-05 14:26:24,857:DEBUG:SQL ok
2018-11-05 14:26:24,890:DEBUG:SQLcommit ok
2018-11-05 14:26:24,892:DEBUG:SQL ok
2018-11-05 14:26:24,892:DEBUG:show databases;SQL failed
2018-11-05 14:26:24,897:DEBUG:db connection ok
2018-11-05 14:26:24,898:DEBUG:INSERT INTO test.genre1 (genre_id,genre_name) VALUES (564500,'');SQL failed
2018-11-05 14:26:25,069:DEBUG:db connection ok
2018-11-05 14:26:25,084:DEBUG:Starting new HTTPS connection (1): app.rakuten.co.jp
2018-11-05 14:26:25,138:DEBUG:https://app.rakuten.co.jp:443 "GET /services/api/IchibaGenre/Search/20140222?applicationId=1026301013779899297&genreId=0 HTTP/1.1" 200 985
2018-11-05 14:26:25,142:DEBUG:0:genrel_serch request ok
2018-11-05 14:26:25,145:DEBUG:Starting new HTTPS connection (1): app.rakuten.co.jp
2018-11-05 14:26:25,195:DEBUG:https://app.rakuten.co.jp:443 "GET /services/api/IchibaGenre/Search/20140222?applicationId=1026301013779899297&genreId=101240 HTTP/1.1" 200 1185
2018-11-05 14:26:25,199:DEBUG:101240:genrel_serch request ok
2018-11-05 14:26:25,202:DEBUG:Starting new HTTPS connection (1): app.rakuten.co.jp
2018-11-05 14:26:25,249:DEBUG:https://app.rakuten.co.jp:443 "GET /services/api/IchibaGenre/Search/20140222?applicationId=1026301013779899297&genreId=101311 HTTP/1.1" 200 687
2018-11-05 14:26:25,254:DEBUG:101311:genrel_serch request ok
2018-11-05 14:26:25,362:DEBUG:Starting new HTTPS connection (1): app.rakuten.co.jp
2018-11-05 14:26:25,413:DEBUG:https://app.rakuten.co.jp:443 "GET /services/api/IchibaGenre/Search/20140222?applicationId=1026301013779899297&genreId=101354 HTTP/1.1" 200 628
2018-11-05 14:26:25,417:DEBUG:101354:genrel_serch request ok
2018-11-05 14:26:25,523:DEBUG:Starting new HTTPS connection (1): app.rakuten.co.jp
2018-11-05 14:26:25,571:DEBUG:https://app.rakuten.co.jp:443 "GET /services/api/IchibaGenre/Search/20140222?applicationId=1026301013779899297&genreId=505034 HTTP/1.1" 200 608
2018-11-05 14:26:25,575:DEBUG:505034:genrel_serch request ok
2018-11-05 14:26:25,683:DEBUG:Starting new HTTPS connection (1): app.rakuten.co.jp
2018-11-05 14:26:25,747:DEBUG:https://app.rakuten.co.jp:443 "GET /services/api/IchibaGenre/Search/20140222?applicationId=1026301013779899297&genreId=200531 HTTP/1.1" 200 512
2018-11-05 14:26:25,751:DEBUG:200531:genrel_serch request ok
2018-11-05 14:26:25,858:DEBUG:Starting new HTTPS connection (1): app.rakuten.co.jp
2018-11-05 14:26:25,905:DEBUG:https://app.rakuten.co.jp:443 "GET /services/api/IchibaGenre/Search/20140222?applicationId=1026301013779899297&genreId=101327 HTTP/1.1" 200 577
2018-11-05 14:26:25,909:DEBUG:101327:genrel_serch request ok
2018-11-05 14:26:26,019:DEBUG:Starting new HTTPS connection (1): app.rakuten.co.jp
2018-11-05 14:26:26,072:DEBUG:https://app.rakuten.co.jp:443 "GET /services/api/IchibaGenre/Search/20140222?applicationId=1026301013779899297&genreId=205900 HTTP/1.1" 200 433
2018-11-05 14:26:26,076:DEBUG:205900:genrel_serch request ok
2018-11-05 14:26:26,183:DEBUG:Starting new HTTPS connection (1): app.rakuten.co.jp
2018-11-05 14:26:26,227:DEBUG:https://app.rakuten.co.jp:443 "GET /services/api/IchibaGenre/Search/20140222?applicationId=1026301013779899297&genreId=200532 HTTP/1.1" 200 484
2018-11-05 14:26:26,232:DEBUG:200532:genrel_serch request ok
2018-11-05 14:26:26,338:DEBUG:Starting new HTTPS connection (1): app.rakuten.co.jp
2018-11-05 14:26:26,380:DEBUG:https://app.rakuten.co.jp:443 "GET /services/api/IchibaGenre/Search/20140222?applicationId=1026301013779899297&genreId=112960 HTTP/1.1" 200 372
2018-11-05 14:26:26,382:DEBUG:112960:genrel_serch request ok
2018-11-05 14:26:26,589:DEBUG:Starting new HTTPS connection (1): app.rakuten.co.jp
2018-11-05 14:26:26,738:DEBUG:https://app.rakuten.co.jp:443 "GET /services/api/IchibaGenre/Search/20140222?applicationId=1026301013779899297&genreId=100804 HTTP/1.1" 200 5494
2018-11-05 14:26:26,746:DEBUG:100804:genrel_serch request ok
2018-11-05 14:26:26,753:DEBUG:Starting new HTTPS connection (1): app.rakuten.co.jp
2018-11-05 14:26:27,021:DEBUG:https://app.rakuten.co.jp:443 "GET /services/api/IchibaGenre/Search/20140222?applicationId=1026301013779899297&genreId=215566 HTTP/1.1" 200 6241
2018-11-05 14:26:27,029:DEBUG:215566:genrel_serch request ok
2018-11-05 14:26:27,137:DEBUG:Starting new HTTPS connection (1): app.rakuten.co.jp
2018-11-05 14:26:27,433:DEBUG:https://app.rakuten.co.jp:443 "GET /services/api/IchibaGenre/Search/20140222?applicationId=1026301013779899297&genreId=100823 HTTP/1.1" 200 6087
2018-11-05 14:26:27,439:DEBUG:100823:genrel_serch request ok
2018-11-05 14:26:27,549:DEBUG:Starting new HTTPS connection (1): app.rakuten.co.jp
2018-11-05 14:26:27,841:DEBUG:https://app.rakuten.co.jp:443 "GET /services/api/IchibaGenre/Search/20140222?applicationId=1026301013779899297&genreId=200166 HTTP/1.1" 200 5765
2018-11-05 14:26:27,847:DEBUG:200166:genrel_serch request ok
2018-11-05 14:26:27,971:DEBUG:Starting new HTTPS connection (1): app.rakuten.co.jp
2018-11-05 14:26:28,107:DEBUG:https://app.rakuten.co.jp:443 "GET /services/api/IchibaGenre/Search/20140222?applicationId=1026301013779899297&genreId=100805 HTTP/1.1" 200 5093
2018-11-05 14:26:28,113:DEBUG:100805:genrel_serch request ok
2018-11-05 14:26:28,220:DEBUG:Starting new HTTPS connection (1): app.rakuten.co.jp
2018-11-05 14:26:28,454:DEBUG:https://app.rakuten.co.jp:443 "GET /services/api/IchibaGenre/Search/20140222?applicationId=1026301013779899297&genreId=111346 HTTP/1.1" 200 5599
2018-11-05 14:26:28,459:DEBUG:111346:genrel_serch request ok
2018-11-05 14:26:28,564:DEBUG:Starting new HTTPS connection (1): app.rakuten.co.jp
2018-11-05 14:26:28,707:DEBUG:https://app.rakuten.co.jp:443 "GET /services/api/IchibaGenre/Search/20140222?applicationId=1026301013779899297&genreId=200167 HTTP/1.1" 200 5499
2018-11-05 14:26:28,712:DEBUG:200167:genrel_serch request ok
2018-11-05 14:26:28,818:DEBUG:Starting new HTTPS connection (1): app.rakuten.co.jp
2018-11-05 14:26:29,070:DEBUG:https://app.rakuten.co.jp:443 "GET /services/api/IchibaGenre/Search/20140222?applicationId=1026301013779899297&genreId=111363 HTTP/1.1" 200 5604
2018-11-05 14:26:29,077:DEBUG:111363:genrel_serch request ok
2018-11-05 14:26:29,185:DEBUG:Starting new HTTPS connection (1): app.rakuten.co.jp
2018-11-05 14:26:29,335:DEBUG:https://app.rakuten.co.jp:443 "GET /services/api/IchibaGenre/Search/20140222?applicationId=1026301013779899297&genreId=205515 HTTP/1.1" 200 5436
2018-11-05 14:26:29,340:DEBUG:205515:genrel_serch request ok
2018-11-05 14:26:29,444:DEBUG:Starting new HTTPS connection (1): app.rakuten.co.jp
2018-11-05 14:26:29,584:DEBUG:https://app.rakuten.co.jp:443 "GET /services/api/IchibaGenre/Search/20140222?applicationId=1026301013779899297&genreId=210102 HTTP/1.1" 200 4835
2018-11-05 14:26:29,590:DEBUG:210102:genrel_serch request ok
2018-11-05 14:26:29,702:DEBUG:Starting new HTTPS connection (1): app.rakuten.co.jp
2018-11-05 14:26:29,891:DEBUG:https://app.rakuten.co.jp:443 "GET /services/api/IchibaGenre/Search/20140222?applicationId=1026301013779899297&genreId=100933 HTTP/1.1" 200 4878
2018-11-05 14:26:29,896:DEBUG:100933:genrel_serch request ok
2018-11-05 14:26:30,004:DEBUG:Starting new HTTPS connection (1): app.rakuten.co.jp
2018-11-05 14:26:30,196:DEBUG:https://app.rakuten.co.jp:443 "GET /services/api/IchibaGenre/Search/20140222?applicationId=1026301013779899297&genreId=203024 HTTP/1.1" 200 6592
2018-11-05 14:26:30,203:DEBUG:203024:genrel_serch request ok
2018-11-05 14:26:30,314:DEBUG:Starting new HTTPS connection (1): app.rakuten.co.jp
2018-11-05 14:26:30,504:DEBUG:https://app.rakuten.co.jp:443 "GET /services/api/IchibaGenre/Search/20140222?applicationId=1026301013779899297&genreId=111355 HTTP/1.1" 200 5584
2018-11-05 14:26:30,508:DEBUG:111355:genrel_serch request ok
2018-11-05 14:26:30,618:DEBUG:Starting new HTTPS connection (1): app.rakuten.co.jp
2018-11-05 14:26:30,786:DEBUG:https://app.rakuten.co.jp:443 "GET /services/api/IchibaGenre/Search/20140222?applicationId=1026301013779899297&genreId=205677 HTTP/1.1" 200 5681
2018-11-05 14:26:30,792:DEBUG:205677:genrel_serch request ok
2018-11-05 14:26:30,898:DEBUG:Starting new HTTPS connection (1): app.rakuten.co.jp
2018-11-05 14:26:31,048:DEBUG:https://app.rakuten.co.jp:443 "GET /services/api/IchibaGenre/Search/20140222?applicationId=1026301013779899297&genreId=566174 HTTP/1.1" 200 4874
2018-11-05 14:26:31,055:DEBUG:566174:genrel_serch request ok
2018-11-05 14:26:31,165:DEBUG:Starting new HTTPS connection (1): app.rakuten.co.jp
2018-11-05 14:26:31,422:DEBUG:https://app.rakuten.co.jp:443 "GET /services/api/IchibaGenre/Search/20140222?applicationId=1026301013779899297&genreId=210143 HTTP/1.1" 200 4814
2018-11-05 14:26:31,427:DEBUG:210143:genrel_serch request ok
2018-11-05 14:26:31,534:DEBUG:Starting new HTTPS connection (1): app.rakuten.co.jp
2018-11-05 14:26:31,836:DEBUG:https://app.rakuten.co.jp:443 "GET /services/api/IchibaGenre/Search/20140222?applicationId=1026301013779899297&genreId=100863 HTTP/1.1" 200 6447
2018-11-05 14:26:31,841:DEBUG:100863:genrel_serch request ok
2018-11-05 14:26:31,952:DEBUG:Starting new HTTPS connection (1): app.rakuten.co.jp
2018-11-05 14:26:32,085:DEBUG:https://app.rakuten.co.jp:443 "GET /services/api/IchibaGenre/Search/20140222?applicationId=1026301013779899297&genreId=215767 HTTP/1.1" 200 4913
2018-11-05 14:26:32,092:DEBUG:215767:genrel_serch request ok
2018-11-05 14:26:32,204:DEBUG:Starting new HTTPS connection (1): app.rakuten.co.jp
2018-11-05 14:26:32,424:DEBUG:https://app.rakuten.co.jp:443 "GET /services/api/IchibaGenre/Search/20140222?applicationId=1026301013779899297&genreId=100857 HTTP/1.1" 200 6504
2018-11-05 14:26:32,428:DEBUG:100857:genrel_serch request ok
2018-11-05 14:26:32,535:DEBUG:Starting new HTTPS connection (1): app.rakuten.co.jp
2018-11-05 14:26:32,757:DEBUG:https://app.rakuten.co.jp:443 "GET /services/api/IchibaGenre/Search/20140222?applicationId=1026301013779899297&genreId=500314 HTTP/1.1" 200 5460
2018-11-05 14:26:32,761:DEBUG:500314:genrel_serch request ok
2018-11-05 14:26:32,869:DEBUG:Starting new HTTPS connection (1): app.rakuten.co.jp
2018-11-05 14:26:33,063:DEBUG:https://app.rakuten.co.jp:443 "GET /services/api/IchibaGenre/Search/20140222?applicationId=1026301013779899297&genreId=200119 HTTP/1.1" 200 5187
2018-11-05 14:26:33,069:DEBUG:200119:genrel_serch request ok
2018-11-05 14:26:33,179:DEBUG:Starting new HTTPS connection (1): app.rakuten.co.jp
2018-11-05 14:26:33,371:DEBUG:https://app.rakuten.co.jp:443 "GET /services/api/IchibaGenre/Search/20140222?applicationId=1026301013779899297&genreId=564568 HTTP/1.1" 200 5513
2018-11-05 14:26:33,376:DEBUG:564568:genrel_serch request ok
2018-11-05 14:26:33,482:DEBUG:Starting new HTTPS connection (1): app.rakuten.co.jp
2018-11-05 14:26:33,678:DEBUG:https://app.rakuten.co.jp:443 "GET /services/api/IchibaGenre/Search/20140222?applicationId=1026301013779899297&genreId=566175 HTTP/1.1" 200 4781
2018-11-05 14:26:33,680:DEBUG:566175:genrel_serch request ok
2018-11-05 14:26:33,787:DEBUG:Starting new HTTPS connection (1): app.rakuten.co.jp
2018-11-05 14:26:33,936:DEBUG:https://app.rakuten.co.jp:443 "GET /services/api/IchibaGenre/Search/20140222?applicationId=1026301013779899297&genreId=500346 HTTP/1.1" 200 4887
2018-11-05 14:26:33,940:DEBUG:500346:genrel_serch request ok
2018-11-05 14:26:34,052:DEBUG:Starting new HTTPS connection (1): app.rakuten.co.jp
2018-11-05 14:26:34,395:DEBUG:https://app.rakuten.co.jp:443 "GET /services/api/IchibaGenre/Search/20140222?applicationId=1026301013779899297&genreId=500349 HTTP/1.1" 200 5090
2018-11-05 14:26:34,400:DEBUG:500349:genrel_serch request ok
2018-11-05 14:26:34,508:DEBUG:Starting new HTTPS connection (1): app.rakuten.co.jp
2018-11-05 14:26:34,659:DEBUG:https://app.rakuten.co.jp:443 "GET /services/api/IchibaGenre/Search/20140222?applicationId=1026301013779899297&genreId=101859 HTTP/1.1" 200 4746
2018-11-05 14:26:34,666:DEBUG:101859:genrel_serch request ok
2018-11-05 14:26:34,875:DEBUG:Starting new HTTPS connection (1): app.rakuten.co.jp
2018-11-05 14:26:35,214:DEBUG:https://app.rakuten.co.jp:443 "GET /services/api/IchibaGenre/Search/20140222?applicationId=1026301013779899297&genreId=101164 HTTP/1.1" 200 6416
2018-11-05 14:26:35,222:DEBUG:101164:genrel_serch request ok
2018-11-05 14:26:35,228:DEBUG:Starting new HTTPS connection (1): app.rakuten.co.jp
2018-11-05 14:26:35,522:DEBUG:https://app.rakuten.co.jp:443 "GET /services/api/IchibaGenre/Search/20140222?applicationId=1026301013779899297&genreId=213731 HTTP/1.1" 200 5867
2018-11-05 14:26:35,526:DEBUG:213731:genrel_serch request ok
2018-11-05 14:26:35,632:DEBUG:Starting new HTTPS connection (1): app.rakuten.co.jp
2018-11-05 14:26:36,137:DEBUG:https://app.rakuten.co.jp:443 "GET /services/api/IchibaGenre/Search/20140222?applicationId=1026301013779899297&genreId=213749 HTTP/1.1" 200 13679
2018-11-05 14:26:36,147:DEBUG:213749:genrel_serch request ok
2018-11-05 14:26:36,260:DEBUG:Starting new HTTPS connection (1): app.rakuten.co.jp
2018-11-05 14:26:36,648:DEBUG:https://app.rakuten.co.jp:443 "GET /services/api/IchibaGenre/Search/20140222?applicationId=1026301013779899297&genreId=101165 HTTP/1.1" 200 12215
2018-11-05 14:26:36,658:DEBUG:101165:genrel_serch request ok
2018-11-05 14:26:36,771:DEBUG:Starting new HTTPS connection (1): app.rakuten.co.jp
2018-11-05 14:26:37,059:DEBUG:https://app.rakuten.co.jp:443 "GET /services/api/IchibaGenre/Search/20140222?applicationId=1026301013779899297&genreId=101222 HTTP/1.1" 200 5997
2018-11-05 14:26:37,065:DEBUG:101222:genrel_serch request ok
2018-11-05 14:26:37,176:DEBUG:Starting new HTTPS connection (1): app.rakuten.co.jp
2018-11-05 14:26:37,467:DEBUG:https://app.rakuten.co.jp:443 "GET /services/api/IchibaGenre/Search/20140222?applicationId=1026301013779899297&genreId=112132 HTTP/1.1" 200 5808
2018-11-05 14:26:37,472:DEBUG:112132:genrel_serch request ok
2018-11-05 14:26:37,583:DEBUG:Starting new HTTPS connection (1): app.rakuten.co.jp
2018-11-05 14:26:37,876:DEBUG:https://app.rakuten.co.jp:443 "GET /services/api/IchibaGenre/Search/20140222?applicationId=1026301013779899297&genreId=213684 HTTP/1.1" 200 5778
2018-11-05 14:26:37,883:DEBUG:213684:genrel_serch request ok
2018-11-05 14:26:37,992:DEBUG:Starting new HTTPS connection (1): app.rakuten.co.jp
2018-11-05 14:26:38,286:DEBUG:https://app.rakuten.co.jp:443 "GET /services/api/IchibaGenre/Search/20140222?applicationId=1026301013779899297&genreId=207622 HTTP/1.1" 200 5916
2018-11-05 14:26:38,293:DEBUG:207622:genrel_serch request ok
2018-11-05 14:26:38,402:DEBUG:Starting new HTTPS connection (1): app.rakuten.co.jp
2018-11-05 14:26:38,696:DEBUG:https://app.rakuten.co.jp:443 "GET /services/api/IchibaGenre/Search/20140222?applicationId=1026301013779899297&genreId=213517 HTTP/1.1" 200 6122
2018-11-05 14:26:38,703:DEBUG:213517:genrel_serch request ok
2018-11-05 14:26:38,815:DEBUG:Starting new HTTPS connection (1): app.rakuten.co.jp
2018-11-05 14:26:39,208:DEBUG:https://app.rakuten.co.jp:443 "GET /services/api/IchibaGenre/Search/20140222?applicationId=1026301013779899297&genreId=207609 HTTP/1.1" 200 11058
2018-11-05 14:26:39,219:DEBUG:207609:genrel_serch request ok
2018-11-05 14:26:39,329:DEBUG:Starting new HTTPS connection (1): app.rakuten.co.jp
2018-11-05 14:26:39,618:DEBUG:https://app.rakuten.co.jp:443 "GET /services/api/IchibaGenre/Search/20140222?applicationId=1026301013779899297&genreId=213619 HTTP/1.1" 200 5770
2018-11-05 14:26:39,626:DEBUG:213619:genrel_serch request ok
2018-11-05 14:26:39,739:DEBUG:Starting new HTTPS connection (1): app.rakuten.co.jp
2018-11-05 14:26:40,129:DEBUG:https://app.rakuten.co.jp:443 "GET /services/api/IchibaGenre/Search/20140222?applicationId=1026301013779899297&genreId=213656 HTTP/1.1" 200 10491
2018-11-05 14:26:40,139:DEBUG:213656:genrel_serch request ok
2018-11-05 14:26:40,250:DEBUG:Starting new HTTPS connection (1): app.rakuten.co.jp
2018-11-05 14:26:40,539:DEBUG:https://app.rakuten.co.jp:443 "GET /services/api/IchibaGenre/Search/20140222?applicationId=1026301013779899297&genreId=213647 HTTP/1.1" 200 5778
2018-11-05 14:26:40,546:DEBUG:213647:genrel_serch request ok
2018-11-05 14:26:40,654:DEBUG:Starting new HTTPS connection (1): app.rakuten.co.jp
2018-11-05 14:26:40,949:DEBUG:https://app.rakuten.co.jp:443 "GET /services/api/IchibaGenre/Search/20140222?applicationId=1026301013779899297&genreId=567215 HTTP/1.1" 200 5704
2018-11-05 14:26:40,955:DEBUG:567215:genrel_serch request ok
2018-11-05 14:26:41,065:DEBUG:Starting new HTTPS connection (1): app.rakuten.co.jp
2018-11-05 14:26:41,357:DEBUG:https://app.rakuten.co.jp:443 "GET /services/api/IchibaGenre/Search/20140222?applicationId=1026301013779899297&genreId=566800 HTTP/1.1" 200 5749
2018-11-05 14:26:41,362:DEBUG:566800:genrel_serch request ok
2018-11-05 14:26:41,486:DEBUG:Starting new HTTPS connection (1): app.rakuten.co.jp
2018-11-05 14:26:41,769:DEBUG:https://app.rakuten.co.jp:443 "GET /services/api/IchibaGenre/Search/20140222?applicationId=1026301013779899297&genreId=101168 HTTP/1.1" 200 5979
2018-11-05 14:26:41,776:DEBUG:101168:genrel_serch request ok
2018-11-05 14:26:41,886:DEBUG:Starting new HTTPS connection (1): app.rakuten.co.jp
2018-11-05 14:26:42,178:DEBUG:https://app.rakuten.co.jp:443 "GET /services/api/IchibaGenre/Search/20140222?applicationId=1026301013779899297&genreId=112928 HTTP/1.1" 200 5704
2018-11-05 14:26:42,183:DEBUG:112928:genrel_serch request ok
2018-11-05 14:26:42,394:DEBUG:Starting new HTTPS connection (1): app.rakuten.co.jp
2018-11-05 14:26:42,476:DEBUG:https://app.rakuten.co.jp:443 "GET /services/api/IchibaGenre/Search/20140222?applicationId=1026301013779899297&genreId=566382 HTTP/1.1" 200 2704
2018-11-05 14:26:42,481:DEBUG:566382:genrel_serch request ok
2018-11-05 14:26:42,484:DEBUG:Starting new HTTPS connection (1): app.rakuten.co.jp
2018-11-05 14:26:42,793:DEBUG:https://app.rakuten.co.jp:443 "GET /services/api/IchibaGenre/Search/20140222?applicationId=1026301013779899297&genreId=101205 HTTP/1.1" 200 8367
2018-11-05 14:26:42,800:DEBUG:101205:genrel_serch request ok
2018-11-05 14:26:42,914:DEBUG:Starting new HTTPS connection (1): app.rakuten.co.jp
2018-11-05 14:26:43,204:DEBUG:https://app.rakuten.co.jp:443 "GET /services/api/IchibaGenre/Search/20140222?applicationId=1026301013779899297&genreId=566383 HTTP/1.1" 200 8236
2018-11-05 14:26:43,212:DEBUG:566383:genrel_serch request ok
2018-11-05 14:26:43,322:DEBUG:Starting new HTTPS connection (1): app.rakuten.co.jp
2018-11-05 14:26:43,612:DEBUG:https://app.rakuten.co.jp:443 "GET /services/api/IchibaGenre/Search/20140222?applicationId=1026301013779899297&genreId=101189 HTTP/1.1" 200 8399
2018-11-05 14:26:43,620:DEBUG:101189:genrel_serch request ok
2018-11-05 14:26:43,729:DEBUG:Starting new HTTPS connection (1): app.rakuten.co.jp
2018-11-05 14:26:43,804:DEBUG:https://app.rakuten.co.jp:443 "GET /services/api/IchibaGenre/Search/20140222?applicationId=1026301013779899297&genreId=201652 HTTP/1.1" 200 2103
2018-11-05 14:26:43,809:DEBUG:201652:genrel_serch request ok
2018-11-05 14:26:43,918:DEBUG:Starting new HTTPS connection (1): app.rakuten.co.jp
2018-11-05 14:26:44,225:DEBUG:https://app.rakuten.co.jp:443 "GET /services/api/IchibaGenre/Search/20140222?applicationId=1026301013779899297&genreId=565031 HTTP/1.1" 200 8037
2018-11-05 14:26:44,230:DEBUG:565031:genrel_serch request ok
2018-11-05 14:26:44,339:DEBUG:Starting new HTTPS connection (1): app.rakuten.co.jp
2018-11-05 14:26:44,637:DEBUG:https://app.rakuten.co.jp:443 "GET /services/api/IchibaGenre/Search/20140222?applicationId=1026301013779899297&genreId=101914 HTTP/1.1" 200 7985
2018-11-05 14:26:44,646:DEBUG:101914:genrel_serch request ok
2018-11-05 14:26:44,859:DEBUG:Starting new HTTPS connection (1): app.rakuten.co.jp
2018-11-05 14:26:45,864:DEBUG:https://app.rakuten.co.jp:443 "GET /services/api/IchibaGenre/Search/20140222?applicationId=1026301013779899297&genreId=100533 HTTP/1.1" 200 19422
2018-11-05 14:26:45,879:DEBUG:100533:genrel_serch request ok
2018-11-05 14:26:45,886:DEBUG:Starting new HTTPS connection (1): app.rakuten.co.jp
2018-11-05 14:26:46,786:DEBUG:https://app.rakuten.co.jp:443 "GET /services/api/IchibaGenre/Search/20140222?applicationId=1026301013779899297&genreId=111078 HTTP/1.1" 200 19786
2018-11-05 14:26:46,802:DEBUG:111078:genrel_serch request ok
2018-11-05 14:26:46,917:DEBUG:Starting new HTTPS connection (1): app.rakuten.co.jp
2018-11-05 14:26:47,917:DEBUG:https://app.rakuten.co.jp:443 "GET /services/api/IchibaGenre/Search/20140222?applicationId=1026301013779899297&genreId=111102 HTTP/1.1" 200 19111
2018-11-05 14:26:47,933:DEBUG:111102:genrel_serch request ok
2018-11-05 14:26:48,048:DEBUG:Starting new HTTPS connection (1): app.rakuten.co.jp
2018-11-05 14:26:49,039:DEBUG:https://app.rakuten.co.jp:443 "GET /services/api/IchibaGenre/Search/20140222?applicationId=1026301013779899297&genreId=111116 HTTP/1.1" 200 18885
2018-11-05 14:26:49,052:DEBUG:111116:genrel_serch request ok
2018-11-05 14:26:49,164:DEBUG:Starting new HTTPS connection (1): app.rakuten.co.jp
2018-11-05 14:26:50,371:DEBUG:https://app.rakuten.co.jp:443 "GET /services/api/IchibaGenre/Search/20140222?applicationId=1026301013779899297&genreId=566733 HTTP/1.1" 200 19564
2018-11-05 14:26:50,385:DEBUG:566733:genrel_serch request ok
2018-11-05 14:26:50,502:DEBUG:Starting new HTTPS connection (1): app.rakuten.co.jp
2018-11-05 14:26:51,498:DEBUG:https://app.rakuten.co.jp:443 "GET /services/api/IchibaGenre/Search/20140222?applicationId=1026301013779899297&genreId=508445 HTTP/1.1" 200 18779
2018-11-05 14:26:51,511:DEBUG:508445:genrel_serch request ok
2018-11-05 14:26:51,629:DEBUG:Starting new HTTPS connection (1): app.rakuten.co.jp
2018-11-05 14:26:52,828:DEBUG:https://app.rakuten.co.jp:443 "GET /services/api/IchibaGenre/Search/20140222?applicationId=1026301013779899297&genreId=101828 HTTP/1.1" 200 18663
2018-11-05 14:26:52,845:DEBUG:101828:genrel_serch request ok
2018-11-05 14:26:53,064:DEBUG:Starting new HTTPS connection (1): app.rakuten.co.jp
2018-11-05 14:26:53,752:DEBUG:https://app.rakuten.co.jp:443 "GET /services/api/IchibaGenre/Search/20140222?applicationId=1026301013779899297&genreId=215783 HTTP/1.1" 200 10879
2018-11-05 14:26:53,764:DEBUG:215783:genrel_serch request ok
2018-11-05 14:26:53,770:DEBUG:Starting new HTTPS connection (1): app.rakuten.co.jp
2018-11-05 14:26:54,261:DEBUG:https://app.rakuten.co.jp:443 "GET /services/api/IchibaGenre/Search/20140222?applicationId=1026301013779899297&genreId=100554 HTTP/1.1" 200 10615
2018-11-05 14:26:54,269:DEBUG:100554:genrel_serch request ok
2018-11-05 14:26:54,377:DEBUG:Starting new HTTPS connection (1): app.rakuten.co.jp
2018-11-05 14:26:55,082:DEBUG:https://app.rakuten.co.jp:443 "GET /services/api/IchibaGenre/Search/20140222?applicationId=1026301013779899297&genreId=100901 HTTP/1.1" 200 10923
2018-11-05 14:26:55,090:DEBUG:100901:genrel_serch request ok
2018-11-05 14:26:55,202:DEBUG:Starting new HTTPS connection (1): app.rakuten.co.jp
2018-11-05 14:26:55,799:DEBUG:https://app.rakuten.co.jp:443 "GET /services/api/IchibaGenre/Search/20140222?applicationId=1026301013779899297&genreId=111173 HTTP/1.1" 200 10452
2018-11-05 14:26:55,810:DEBUG:111173:genrel_serch request ok
2018-11-05 14:26:55,919:DEBUG:Starting new HTTPS connection (1): app.rakuten.co.jp
2018-11-05 14:26:56,514:DEBUG:https://app.rakuten.co.jp:443 "GET /services/api/IchibaGenre/Search/20140222?applicationId=1026301013779899297&genreId=100872 HTTP/1.1" 200 10586
2018-11-05 14:26:56,524:DEBUG:100872:genrel_serch request ok
2018-11-05 14:26:56,637:DEBUG:Starting new HTTPS connection (1): app.rakuten.co.jp
2018-11-05 14:26:57,333:DEBUG:https://app.rakuten.co.jp:443 "GET /services/api/IchibaGenre/Search/20140222?applicationId=1026301013779899297&genreId=100664 HTTP/1.1" 200 10983
2018-11-05 14:26:57,341:DEBUG:100664:genrel_serch request ok
2018-11-05 14:26:57,453:DEBUG:Starting new HTTPS connection (1): app.rakuten.co.jp
2018-11-05 14:26:58,050:DEBUG:https://app.rakuten.co.jp:443 "GET /services/api/IchibaGenre/Search/20140222?applicationId=1026301013779899297&genreId=111475 HTTP/1.1" 200 10930
2018-11-05 14:26:58,059:DEBUG:111475:genrel_serch request ok
2018-11-05 14:26:58,172:DEBUG:Starting new HTTPS connection (1): app.rakuten.co.jp
2018-11-05 14:26:58,767:DEBUG:https://app.rakuten.co.jp:443 "GET /services/api/IchibaGenre/Search/20140222?applicationId=1026301013779899297&genreId=100645 HTTP/1.1" 200 10463
2018-11-05 14:26:58,774:DEBUG:100645:genrel_serch request ok
2018-11-05 14:26:58,884:DEBUG:Starting new HTTPS connection (1): app.rakuten.co.jp
2018-11-05 14:26:59,485:DEBUG:https://app.rakuten.co.jp:443 "GET /services/api/IchibaGenre/Search/20140222?applicationId=1026301013779899297&genreId=100656 HTTP/1.1" 200 10590
2018-11-05 14:26:59,495:DEBUG:100656:genrel_serch request ok
2018-11-05 14:26:59,607:DEBUG:Starting new HTTPS connection (1): app.rakuten.co.jp
2018-11-05 14:27:00,099:DEBUG:https://app.rakuten.co.jp:443 "GET /services/api/IchibaGenre/Search/20140222?applicationId=1026301013779899297&genreId=111469 HTTP/1.1" 200 10261
2018-11-05 14:27:00,108:DEBUG:111469:genrel_serch request ok
2018-11-05 14:27:00,220:DEBUG:Starting new HTTPS connection (1): app.rakuten.co.jp
2018-11-05 14:27:00,715:DEBUG:https://app.rakuten.co.jp:443 "GET /services/api/IchibaGenre/Search/20140222?applicationId=1026301013779899297&genreId=100683 HTTP/1.1" 200 10704
2018-11-05 14:27:00,725:DEBUG:100683:genrel_serch request ok
2018-11-05 14:27:00,839:DEBUG:Starting new HTTPS connection (1): app.rakuten.co.jp
2018-11-05 14:27:01,433:DEBUG:https://app.rakuten.co.jp:443 "GET /services/api/IchibaGenre/Search/20140222?applicationId=1026301013779899297&genreId=111519 HTTP/1.1" 200 10578
2018-11-05 14:27:01,438:DEBUG:111519:genrel_serch request ok
2018-11-05 14:27:01,552:DEBUG:Starting new HTTPS connection (1): app.rakuten.co.jp
2018-11-05 14:27:02,147:DEBUG:https://app.rakuten.co.jp:443 "GET /services/api/IchibaGenre/Search/20140222?applicationId=1026301013779899297&genreId=111524 HTTP/1.1" 200 10367
2018-11-05 14:27:02,156:DEBUG:111524:genrel_serch request ok
2018-11-05 14:27:02,269:DEBUG:Starting new HTTPS connection (1): app.rakuten.co.jp
2018-11-05 14:27:02,864:DEBUG:https://app.rakuten.co.jp:443 "GET /services/api/IchibaGenre/Search/20140222?applicationId=1026301013779899297&genreId=100822 HTTP/1.1" 200 10456
2018-11-05 14:27:02,873:DEBUG:100822:genrel_serch request ok
2018-11-05 14:27:02,983:DEBUG:Starting new HTTPS connection (1): app.rakuten.co.jp
2018-11-05 14:27:03,682:DEBUG:https://app.rakuten.co.jp:443 "GET /services/api/IchibaGenre/Search/20140222?applicationId=1026301013779899297&genreId=210191 HTTP/1.1" 200 10208
2018-11-05 14:27:03,690:DEBUG:210191:genrel_serch request ok
2018-11-05 14:27:03,805:DEBUG:Starting new HTTPS connection (1): app.rakuten.co.jp
2018-11-05 14:27:04,298:DEBUG:https://app.rakuten.co.jp:443 "GET /services/api/IchibaGenre/Search/20140222?applicationId=1026301013779899297&genreId=112779 HTTP/1.1" 200 10145
2018-11-05 14:27:04,309:DEBUG:112779:genrel_serch request ok
2018-11-05 14:27:04,522:DEBUG:Starting new HTTPS connection (1): app.rakuten.co.jp
2018-11-05 14:27:07,267:DEBUG:https://app.rakuten.co.jp:443 "GET /services/api/IchibaGenre/Search/20140222?applicationId=1026301013779899297&genreId=216129 HTTP/1.1" 200 22219
2018-11-05 14:27:07,284:DEBUG:216129:genrel_serch request ok
2018-11-05 14:27:07,292:DEBUG:Starting new HTTPS connection (1): app.rakuten.co.jp
2018-11-05 14:27:09,930:DEBUG:https://app.rakuten.co.jp:443 "GET /services/api/IchibaGenre/Search/20140222?applicationId=1026301013779899297&genreId=100486 HTTP/1.1" 200 23087
2018-11-05 14:27:09,948:DEBUG:100486:genrel_serch request ok
2018-11-05 14:27:10,059:DEBUG:Starting new HTTPS connection (1): app.rakuten.co.jp
2018-11-05 14:27:12,797:DEBUG:https://app.rakuten.co.jp:443 "GET /services/api/IchibaGenre/Search/20140222?applicationId=1026301013779899297&genreId=407326 HTTP/1.1" 200 23028
2018-11-05 14:27:12,814:DEBUG:407326:genrel_serch request ok
2018-11-05 14:27:12,927:DEBUG:Starting new HTTPS connection (1): app.rakuten.co.jp
2018-11-05 14:27:15,664:DEBUG:https://app.rakuten.co.jp:443 "GET /services/api/IchibaGenre/Search/20140222?applicationId=1026301013779899297&genreId=301966 HTTP/1.1" 200 22822
2018-11-05 14:27:15,680:DEBUG:301966:genrel_serch request ok
2018-11-05 14:27:15,794:DEBUG:Starting new HTTPS connection (1): app.rakuten.co.jp
2018-11-05 14:27:18,634:DEBUG:https://app.rakuten.co.jp:443 "GET /services/api/IchibaGenre/Search/20140222?applicationId=1026301013779899297&genreId=508586 HTTP/1.1" 200 22850
2018-11-05 14:27:18,651:DEBUG:508586:genrel_serch request ok
2018-11-05 14:27:18,771:DEBUG:Starting new HTTPS connection (1): app.rakuten.co.jp
2018-11-05 14:27:19,592:WARNING:551853genrel_serch request error
